#
# A fatal error has been detected by the Java Runtime Environment:
#
#  SIGSEGV (0xb) at pc=0x00007c7dc32056ad, pid=66446, tid=66470
#
# JRE version: OpenJDK Runtime Environment Corretto-17.0.9.8.1 (17.0.9+8) (build 17.0.9+8-LTS)
# Java VM: OpenJDK 64-Bit Server VM Corretto-17.0.9.8.1 (17.0.9+8-LTS, mixed mode, emulated-client, sharing, tiered, compressed oops, compressed class ptrs, g1 gc, linux-amd64)
# Problematic frame:
# V  [libjvm.so+0xc056ad]  nmethod::fix_oop_relocations(unsigned char*, unsigned char*, bool)+0x7d
#
# No core dump will be written. Core dumps have been disabled. To enable core dumping, try "ulimit -c unlimited" before starting Java again
#
# If you would like to submit a bug report, please visit:
#   https://github.com/corretto/corretto-17/issues/
#

---------------  S U M M A R Y ------------

Command Line: -XX:TieredStopAtLevel=1 -Dspring.output.ansi.enabled=always -Dcom.sun.management.jmxremote -Dspring.jmx.enabled=true -Dspring.liveBeansView.mbeanDomain -Dspring.application.admin.enabled=true -Dmanagement.endpoints.jmx.exposure.include=* -javaagent:/home/vladimirkapyrin/.local/share/JetBrains/Toolbox/apps/intellij-idea-ultimate/lib/idea_rt.jar=32953:/home/vladimirkapyrin/.local/share/JetBrains/Toolbox/apps/intellij-idea-ultimate/bin -Dfile.encoding=UTF-8 kapyrin.myshopspring.MyshopspringApplication

Host: AMD Ryzen 5 4600H with Radeon Graphics, 12 cores, 14G, elementary OS 7.1 Horus
Time: Thu Nov  7 09:39:55 2024 WET elapsed time: 1.276879 seconds (0d 0h 0m 1s)

---------------  T H R E A D  ---------------

Current thread (0x00007c7dbc196da0):  JavaThread "C1 CompilerThread0" daemon [_thread_in_vm, id=66470, stack(0x00007c7da8200000,0x00007c7da8300000)]


Current CompileTask:
C1:   1276 2956   !   1       jdk.proxy2.$Proxy31::annotationType (29 bytes)

Stack: [0x00007c7da8200000,0x00007c7da8300000],  sp=0x00007c7da82fac90,  free space=1003k
Native frames: (J=compiled Java code, j=interpreted, Vv=VM code, C=native code)
V  [libjvm.so+0xc056ad]  nmethod::fix_oop_relocations(unsigned char*, unsigned char*, bool)+0x7d
V  [libjvm.so+0x63fca0]  Deoptimization::fetch_unroll_info(JavaThread*, int)+0x20
v  ~DeoptimizationBlob


siginfo: si_signo: 11 (SIGSEGV), si_code: 1 (SEGV_MAPERR), si_addr: 0x0000000000000003

Registers:
RAX=0x0000000000000001, RBX=0x00007c7db1b35c82, RCX=0x00007c7db1b35c36, RDX=0x0000000000000001
RSP=0x00007c7da82fac90, RBP=0x00007c7da82fd350, RSI=0x0000000000000000, RDI=0x00007c7db1b35c82
R8 =0x00000000ffffffff, R9 =0x00000000c360aed2, R10=0x0000000000007c7d, R11=0x00007c7dbc639a6a
R12=0x00007c7da82fdf20, R13=0x0000000000000001, R14=0x0000000000000000, R15=0x00007c7db1b35c82
RIP=0x00007c7dc32056ad, EFLAGS=0x0000000000010206, CSGSFS=0x002b000000000033, ERR=0x0000000000000004
  TRAPNO=0x000000000000000e


Register to memory mapping:

RAX=0x0000000000000001 is an unknown value
RBX=0x00007c7db1b35c82 is at entry_point+66 in (nmethod*)0x00007c7db1b35a90
Compiled method (c1)    1277 2956   !   1       jdk.proxy2.$Proxy31::annotationType (29 bytes)
 total in heap  [0x00007c7db1b35a90,0x00007c7db1b35f58] = 1224
 relocation     [0x00007c7db1b35bf0,0x00007c7db1b35c40] = 80
 main code      [0x00007c7db1b35c40,0x00007c7db1b35e00] = 448
 stub code      [0x00007c7db1b35e00,0x00007c7db1b35e50] = 80
 oops           [0x00007c7db1b35e50,0x00007c7db1b35e58] = 8
 metadata       [0x00007c7db1b35e58,0x00007c7db1b35e60] = 8
 scopes data    [0x00007c7db1b35e60,0x00007c7db1b35e88] = 40
 scopes pcs     [0x00007c7db1b35e88,0x00007c7db1b35ef8] = 112
 dependencies   [0x00007c7db1b35ef8,0x00007c7db1b35f00] = 8
 handler table  [0x00007c7db1b35f00,0x00007c7db1b35f48] = 72
 nul chk table  [0x00007c7db1b35f48,0x00007c7db1b35f58] = 16
RCX=0x00007c7db1b35c36 is at entry_point+-10 in (nmethod*)0x00007c7db1b35a90
Compiled method (c1)    1277 2956   !   1       jdk.proxy2.$Proxy31::annotationType (29 bytes)
 total in heap  [0x00007c7db1b35a90,0x00007c7db1b35f58] = 1224
 relocation     [0x00007c7db1b35bf0,0x00007c7db1b35c40] = 80
 main code      [0x00007c7db1b35c40,0x00007c7db1b35e00] = 448
 stub code      [0x00007c7db1b35e00,0x00007c7db1b35e50] = 80
 oops           [0x00007c7db1b35e50,0x00007c7db1b35e58] = 8
 metadata       [0x00007c7db1b35e58,0x00007c7db1b35e60] = 8
 scopes data    [0x00007c7db1b35e60,0x00007c7db1b35e88] = 40
 scopes pcs     [0x00007c7db1b35e88,0x00007c7db1b35ef8] = 112
 dependencies   [0x00007c7db1b35ef8,0x00007c7db1b35f00] = 8
 handler table  [0x00007c7db1b35f00,0x00007c7db1b35f48] = 72
 nul chk table  [0x00007c7db1b35f48,0x00007c7db1b35f58] = 16
RDX=0x0000000000000001 is an unknown value
RSP=0x00007c7da82fac90 is pointing into the stack for thread: 0x00007c7dbc196da0
RBP=0x00007c7da82fd350 is pointing into the stack for thread: 0x00007c7dbc196da0
RSI=0x0 is NULL
RDI=0x00007c7db1b35c82 is at entry_point+66 in (nmethod*)0x00007c7db1b35a90
Compiled method (c1)    1277 2956   !   1       jdk.proxy2.$Proxy31::annotationType (29 bytes)
 total in heap  [0x00007c7db1b35a90,0x00007c7db1b35f58] = 1224
 relocation     [0x00007c7db1b35bf0,0x00007c7db1b35c40] = 80
 main code      [0x00007c7db1b35c40,0x00007c7db1b35e00] = 448
 stub code      [0x00007c7db1b35e00,0x00007c7db1b35e50] = 80
 oops           [0x00007c7db1b35e50,0x00007c7db1b35e58] = 8
 metadata       [0x00007c7db1b35e58,0x00007c7db1b35e60] = 8
 scopes data    [0x00007c7db1b35e60,0x00007c7db1b35e88] = 40
 scopes pcs     [0x00007c7db1b35e88,0x00007c7db1b35ef8] = 112
 dependencies   [0x00007c7db1b35ef8,0x00007c7db1b35f00] = 8
 handler table  [0x00007c7db1b35f00,0x00007c7db1b35f48] = 72
 nul chk table  [0x00007c7db1b35f48,0x00007c7db1b35f58] = 16
R8 =0x00000000ffffffff is an unknown value
R9 =0x00000000c360aed2 is an unknown value
R10=0x0000000000007c7d is an unknown value
R11=0x00007c7dbc639a6a points into unknown readable memory: 00 00 00 00 00 00
R12=0x00007c7da82fdf20 is pointing into the stack for thread: 0x00007c7dbc196da0
R13=0x0000000000000001 is an unknown value
R14=0x0 is NULL
R15=0x00007c7db1b35c82 is at entry_point+66 in (nmethod*)0x00007c7db1b35a90
Compiled method (c1)    1277 2956   !   1       jdk.proxy2.$Proxy31::annotationType (29 bytes)
 total in heap  [0x00007c7db1b35a90,0x00007c7db1b35f58] = 1224
 relocation     [0x00007c7db1b35bf0,0x00007c7db1b35c40] = 80
 main code      [0x00007c7db1b35c40,0x00007c7db1b35e00] = 448
 stub code      [0x00007c7db1b35e00,0x00007c7db1b35e50] = 80
 oops           [0x00007c7db1b35e50,0x00007c7db1b35e58] = 8
 metadata       [0x00007c7db1b35e58,0x00007c7db1b35e60] = 8
 scopes data    [0x00007c7db1b35e60,0x00007c7db1b35e88] = 40
 scopes pcs     [0x00007c7db1b35e88,0x00007c7db1b35ef8] = 112
 dependencies   [0x00007c7db1b35ef8,0x00007c7db1b35f00] = 8
 handler table  [0x00007c7db1b35f00,0x00007c7db1b35f48] = 72
 nul chk table  [0x00007c7db1b35f48,0x00007c7db1b35f58] = 16


Top of Stack: (sp=0x00007c7da82fac90)
0x00007c7da82fac90:   0000000000000000 0000000000000000
0x00007c7da82faca0:   0000000000000000 0000000000000000
0x00007c7da82facb0:   0000000000000000 0000000000000000
0x00007c7da82facc0:   0000000000000000 0000000000000000
0x00007c7da82facd0:   0000000000000000 0000000000000000
0x00007c7da82face0:   0000000000000000 0000000000000000
0x00007c7da82facf0:   0000000000000000 0000000000000000
0x00007c7da82fad00:   0000000000000000 0000000000000000
0x00007c7da82fad10:   0000000000000000 0000000000000000
0x00007c7da82fad20:   0000000000000000 0000000000000000
0x00007c7da82fad30:   0000000000000000 0000000000000000
0x00007c7da82fad40:   0000000000000000 0000000000000000
0x00007c7da82fad50:   0000000000000000 0000000000000000
0x00007c7da82fad60:   0000000000000000 0000000000000000
0x00007c7da82fad70:   0000000000000000 0000000000000000
0x00007c7da82fad80:   0000000000000000 0000000000000000
0x00007c7da82fad90:   0000000000000000 0000000000000000
0x00007c7da82fada0:   0000000000000000 0000000000000000
0x00007c7da82fadb0:   0000000000000000 0000000000000000
0x00007c7da82fadc0:   0000000000000000 0000000000000000
0x00007c7da82fadd0:   0000000000000000 0000000000000000
0x00007c7da82fade0:   0000000000000000 0000000000000000
0x00007c7da82fadf0:   0000000000000000 0000000000000000
0x00007c7da82fae00:   0000000000000000 0000000000000000
0x00007c7da82fae10:   0000000000000000 0000000000000000
0x00007c7da82fae20:   0000000000000000 0000000000000000
0x00007c7da82fae30:   0000000000000000 0000000000000000
0x00007c7da82fae40:   0000000000000000 0000000000000000
0x00007c7da82fae50:   0000000000000000 0000000000000000
0x00007c7da82fae60:   0000000000000000 0000000000000000
0x00007c7da82fae70:   0000000000000000 0000000000000000
0x00007c7da82fae80:   0000000000000000 0000000000000000 

Instructions: (pc=0x00007c7dc32056ad)
0x00007c7dc32055ad:   85 c0 7e 2c 83 e8 01 48 8d 0c 17 4c 8d 04 c5 08
0x00007c7dc32055bd:   00 00 00 31 c0 66 0f 1f 44 00 00 48 8b 56 08 48
0x00007c7dc32055cd:   8b 14 02 48 89 14 01 48 83 c0 08 49 39 c0 75 eb
0x00007c7dc32055dd:   5d c3 90 55 48 89 e5 41 54 53 48 63 9f 14 01 00
0x00007c7dc32055ed:   00 48 63 87 18 01 00 00 48 01 fb 48 01 f8 48 39
0x00007c7dc32055fd:   c3 73 24 49 89 fc 0f 1f 44 00 00 48 8b 3b 48 83
0x00007c7dc320560d:   c3 08 e8 5c 2b 9b ff 49 63 84 24 18 01 00 00 4c
0x00007c7dc320561d:   01 e0 48 39 c3 72 e4 5b 41 5c 5d c3 90 66 0f 1f
0x00007c7dc320562d:   44 00 00 55 48 89 e5 41 57 41 56 41 55 41 54 41
0x00007c7dc320563d:   89 cd 53 48 8d 9d 30 ff ff ff 48 89 d1 48 89 f2
0x00007c7dc320564d:   48 89 fe 48 81 ec b8 00 00 00 48 8d 05 12 c0 8c
0x00007c7dc320565d:   00 48 89 df 48 c7 45 a8 00 00 00 00 c7 45 b0 00
0x00007c7dc320566d:   00 00 00 4c 8d 63 70 48 83 c0 10 48 89 45 a0 e8
0x00007c7dc320567d:   6f 84 0e 00 48 8b 85 38 ff ff ff 0f 1f 84 00 00
0x00007c7dc320568d:   00 00 00 48 8d 50 02 48 3b 95 40 ff ff ff 48 89
0x00007c7dc320569d:   95 38 ff ff ff 74 3f 31 c9 66 89 8d 68 ff ff ff
0x00007c7dc32056ad:   0f b7 48 02 89 c8 c1 e9 0c 83 f9 0f 0f 84 b9 00
0x00007c7dc32056bd:   00 00 25 ff 03 00 00 48 8b 8d 30 ff ff ff 48 03
0x00007c7dc32056cd:   85 50 ff ff ff 48 85 c9 48 89 85 50 ff ff ff 74
0x00007c7dc32056dd:   1a 48 39 c8 72 15 48 81 c4 b8 00 00 00 5b 41 5c
0x00007c7dc32056ed:   41 5d 41 5e 41 5f 5d c3 0f 1f 00 0f b7 02 c1 e8
0x00007c7dc32056fd:   0c 83 f8 01 74 15 83 f8 0c 0f 84 84 00 00 00 48
0x00007c7dc320570d:   89 d0 e9 7c ff ff ff 0f 1f 40 00 48 8d 05 f1 bf
0x00007c7dc320571d:   8c 00 4c 89 e7 c7 45 b0 01 00 00 00 48 83 c0 10
0x00007c7dc320572d:   48 89 85 28 ff ff ff f3 0f 7e 85 28 ff ff ff 48
0x00007c7dc320573d:   89 9d 28 ff ff ff 0f 16 85 28 ff ff ff 0f 29 45
0x00007c7dc320574d:   a0 e8 5d 76 0e 00 45 84 ed 74 0b 8b 45 b4 85 c0
0x00007c7dc320575d:   0f 84 7d 00 00 00 4c 89 e7 e8 85 98 0e 00 48 8b
0x00007c7dc320576d:   95 38 ff ff ff eb 98 0f 1f 40 00 48 89 df e8 30
0x00007c7dc320577d:   89 0e 00 48 8b 95 38 ff ff ff 0f b7 02 e9 30 ff
0x00007c7dc320578d:   ff ff 90 48 8d 05 d1 bf 8c 00 4c 89 e7 c7 45 b0
0x00007c7dc320579d:   0c 00 00 00 48 83 c0 10 48 89 85 28 ff ff ff f3 


Stack slot to memory mapping:
stack at sp + 0 slots: 0x0 is NULL
stack at sp + 1 slots: 0x0 is NULL
stack at sp + 2 slots: 0x0 is NULL
stack at sp + 3 slots: 0x0 is NULL
stack at sp + 4 slots: 0x0 is NULL
stack at sp + 5 slots: 0x0 is NULL
stack at sp + 6 slots: 0x0 is NULL
stack at sp + 7 slots: 0x0 is NULL

--------------------------------------------------------------------------------
Decoding CodeBlob, name: DeoptimizationBlob, at  [0x00007c7db14569a0, 0x00007c7db1456ea8]  1288 bytes
[MachCode]
  0x00007c7db14569a0: 5548 8bec | 9c48 83ec | 0848 81ec | 8000 0000 | 4889 4424 | 7848 894c | 2470 4889 | 5424 6848 
  0x00007c7db14569c0: 895c 2460 | 4889 6c24 | 5048 8974 | 2448 4889 | 7c24 404c | 8944 2438 | 4c89 4c24 | 304c 8954 
  0x00007c7db14569e0: 2428 4c89 | 5c24 204c | 8964 2418 | 4c89 6c24 | 104c 8974 | 2408 4c89 | 3c24 4881 | ec80 0a00 
  0x00007c7db1456a00: 0048 0fae | 0424 c4e3 | 7d19 8424 | 4002 0000 | 01c4 e37d | 198c 2450 | 0200 0001 | c4e3 7d19 
  0x00007c7db1456a20: 9424 6002 | 0000 01c4 | e37d 199c | 2470 0200 | 0001 c4e3 | 7d19 a424 | 8002 0000 | 01c4 e37d 
  0x00007c7db1456a40: 19ac 2490 | 0200 0001 | c4e3 7d19 | b424 a002 | 0000 01c4 | e37d 19bc | 24b0 0200 | 0001 c463 
  0x00007c7db1456a60: 7d19 8424 | c002 0000 | 01c4 637d | 198c 24d0 | 0200 0001 | c463 7d19 | 9424 e002 | 0000 01c4 
  0x00007c7db1456a80: 637d 199c | 24f0 0200 | 0001 c463 | 7d19 a424 | 0003 0000 | 01c4 637d | 19ac 2410 | 0300 0001 
  0x00007c7db1456aa0: c463 7d19 | b424 2003 | 0000 01c4 | 637d 19bc | 2430 0300 | 0001 c5f8 | 7741 be00 | 0000 00e9 
  0x00007c7db1456ac0: 6c02 0000 | 5548 8bec | 9c48 83ec | 0848 81ec | 8000 0000 | 4889 4424 | 7848 894c | 2470 4889 
  0x00007c7db1456ae0: 5424 6848 | 895c 2460 | 4889 6c24 | 5048 8974 | 2448 4889 | 7c24 404c | 8944 2438 | 4c89 4c24 
  0x00007c7db1456b00: 304c 8954 | 2428 4c89 | 5c24 204c | 8964 2418 | 4c89 6c24 | 104c 8974 | 2408 4c89 | 3c24 4881 
  0x00007c7db1456b20: ec80 0a00 | 0048 0fae | 0424 c4e3 | 7d19 8424 | 4002 0000 | 01c4 e37d | 198c 2450 | 0200 0001 
  0x00007c7db1456b40: c4e3 7d19 | 9424 6002 | 0000 01c4 | e37d 199c | 2470 0200 | 0001 c4e3 | 7d19 a424 | 8002 0000 
  0x00007c7db1456b60: 01c4 e37d | 19ac 2490 | 0200 0001 | c4e3 7d19 | b424 a002 | 0000 01c4 | e37d 19bc | 24b0 0200 
  0x00007c7db1456b80: 0001 c463 | 7d19 8424 | c002 0000 | 01c4 637d | 198c 24d0 | 0200 0001 | c463 7d19 | 9424 e002 
  0x00007c7db1456ba0: 0000 01c4 | 637d 199c | 24f0 0200 | 0001 c463 | 7d19 a424 | 0003 0000 | 01c4 637d | 19ac 2410 
  0x00007c7db1456bc0: 0300 0001 | c463 7d19 | b424 2003 | 0000 01c4 | 637d 19bc | 2430 0300 | 0001 c5f8 | 7741 be03 
  0x00007c7db1456be0: 0000 00e9 | 4801 0000 | 4989 97e0 | 0300 0049 | 8987 d803 | 0000 6800 | 0000 0055 | 488b ec9c 
  0x00007c7db1456c00: 4883 ec08 | 4881 ec80 | 0000 0048 | 8944 2478 | 4889 4c24 | 7048 8954 | 2468 4889 | 5c24 6048 
  0x00007c7db1456c20: 896c 2450 | 4889 7424 | 4848 897c | 2440 4c89 | 4424 384c | 894c 2430 | 4c89 5424 | 284c 895c 
  0x00007c7db1456c40: 2420 4c89 | 6424 184c | 896c 2410 | 4c89 7424 | 084c 893c | 2448 81ec | 800a 0000 | 480f ae04 
  0x00007c7db1456c60: 24c4 e37d | 1984 2440 | 0200 0001 | c4e3 7d19 | 8c24 5002 | 0000 01c4 | e37d 1994 | 2460 0200 
  0x00007c7db1456c80: 0001 c4e3 | 7d19 9c24 | 7002 0000 | 01c4 e37d | 19a4 2480 | 0200 0001 | c4e3 7d19 | ac24 9002 
  0x00007c7db1456ca0: 0000 01c4 | e37d 19b4 | 24a0 0200 | 0001 c4e3 | 7d19 bc24 | b002 0000 | 01c4 637d | 1984 24c0 
  0x00007c7db1456cc0: 0200 0001 | c463 7d19 | 8c24 d002 | 0000 01c4 | 637d 1994 | 24e0 0200 | 0001 c463 | 7d19 9c24 
  0x00007c7db1456ce0: f002 0000 | 01c4 637d | 19a4 2400 | 0300 0001 | c463 7d19 | ac24 1003 | 0000 01c4 | 637d 19b4 
  0x00007c7db1456d00: 2420 0300 | 0001 c463 | 7d19 bc24 | 3003 0000 | 01c5 f877 | 41be 0100 | 0000 498b | 97e0 0300 
  0x00007c7db1456d20: 0048 8955 | 0849 c787 | e003 0000 | 0000 0000 | c5f8 7749 | 89a7 9002 | 0000 498b | ff41 8bf6 
  0x00007c7db1456d40: e83b 8f7e | 1149 c787 | 9002 0000 | 0000 0000 | 49c7 8798 | 0200 0000 | 0000 00c5 | f877 488b 
  0x00007c7db1456d60: f844 8b77 | 3c41 83fe | 010f 8534 | 0000 0049 | 8b87 d803 | 0000 498b | 97e0 0300 | 0049 c787 
  0x00007c7db1456d80: d803 0000 | 0000 0000 | 49c7 87e0 | 0300 0000 | 0000 0048 | 8984 24f8 | 0a00 0048 | 8994 24e8 
  0x00007c7db1456da0: 0a00 00c5 | fb10 8424 | a000 0000 | 488b 8424 | f80a 0000 | 488b 9424 | e80a 0000 | 4881 c418 
  0x00007c7db1456dc0: 0b00 008b | 0f48 03e1 | 488b 6f30 | 488b 4f18 | 4883 c408 | 488b 7710 | 8b57 084c | 8bc4 8b5f 
  0x00007c7db1456de0: 0448 2be3 | 488b 1e48 | 83eb 1048 | ff31 5548 | 8bec 482b | e348 c745 | f000 0000 | 004c 8945 
  0x00007c7db1456e00: f84c 8bc4 | 4883 c608 | 4883 c108 | ffca 75d4 | 48ff 3155 | 488b ec48 | 81ec 100b | 0000 c5fb 
  0x00007c7db1456e20: 1184 24a0 | 0000 0048 | 8984 24f8 | 0a00 00c5 | f877 4989 | afa0 0200 | 0049 ba2f | 6e45 b17d 
  0x00007c7db1456e40: 7c00 004d | 8997 9802 | 0000 4989 | a790 0200 | 0048 83e4 | f049 8bff | 418b f6e8 | 001f 7e11 
  0x00007c7db1456e60: 498b a790 | 0200 0049 | c787 9002 | 0000 0000 | 0000 49c7 | 87a0 0200 | 0000 0000 | 0049 c787 
  0x00007c7db1456e80: 9802 0000 | 0000 0000 | c5f8 77c5 | fb10 8424 | a000 0000 | 488b 8424 | f80a 0000 | 488b 9424 
  0x00007c7db1456ea0: e80a 0000 | c9c3 f4f4 
[/MachCode]
--------------------------------------------------------------------------------


---------------  P R O C E S S  ---------------

Threads class SMR info:
_java_thread_list=0x00007c7ca80d3e60, length=19, elements={
0x00007c7dbc029a10, 0x00007c7dbc18c4a0, 0x00007c7dbc18d890, 0x00007c7dbc193040,
0x00007c7dbc194400, 0x00007c7dbc195820, 0x00007c7dbc196da0, 0x00007c7dbc198210,
0x00007c7dbc1a3950, 0x00007c7d1c0b5b10, 0x00007c7d1c0b7190, 0x00007c7d2c000ff0,
0x00007c7dbc4d56a0, 0x00007c7dbc4d63b0, 0x00007c7dbc58e800, 0x00007c7cec0030d0,
0x00007c7ce002aa70, 0x00007c7ce0030a30, 0x00007c7d1c123c10
}

Java Threads: ( => current thread )
  0x00007c7dbc029a10 JavaThread "main" [_thread_blocked, id=66453, stack(0x00007c7dc480c000,0x00007c7dc490c000)]
  0x00007c7dbc18c4a0 JavaThread "Reference Handler" daemon [_thread_blocked, id=66465, stack(0x00007c7da89f7000,0x00007c7da8af7000)]
  0x00007c7dbc18d890 JavaThread "Finalizer" daemon [_thread_blocked, id=66466, stack(0x00007c7da88f7000,0x00007c7da89f7000)]
  0x00007c7dbc193040 JavaThread "Signal Dispatcher" daemon [_thread_blocked, id=66467, stack(0x00007c7da8500000,0x00007c7da8600000)]
  0x00007c7dbc194400 JavaThread "Service Thread" daemon [_thread_blocked, id=66468, stack(0x00007c7da8400000,0x00007c7da8500000)]
  0x00007c7dbc195820 JavaThread "Monitor Deflation Thread" daemon [_thread_blocked, id=66469, stack(0x00007c7da8300000,0x00007c7da8400000)]
=>0x00007c7dbc196da0 JavaThread "C1 CompilerThread0" daemon [_thread_in_vm, id=66470, stack(0x00007c7da8200000,0x00007c7da8300000)]
  0x00007c7dbc198210 JavaThread "Sweeper thread" daemon [_thread_blocked, id=66471, stack(0x00007c7da8100000,0x00007c7da8200000)]
  0x00007c7dbc1a3950 JavaThread "Common-Cleaner" daemon [_thread_blocked, id=66472, stack(0x00007c7da8000000,0x00007c7da8100000)]
  0x00007c7d1c0b5b10 JavaThread "C1 CompilerThread1" daemon [_thread_blocked, id=66473, stack(0x00007c7da1f00000,0x00007c7da2000000)]
  0x00007c7d1c0b7190 JavaThread "C1 CompilerThread2" daemon [_thread_blocked, id=66474, stack(0x00007c7da1e00000,0x00007c7da1f00000)]
  0x00007c7d2c000ff0 JavaThread "Attach Listener" daemon [_thread_blocked, id=66475, stack(0x00007c7da1d00000,0x00007c7da1e00000)]
  0x00007c7dbc4d56a0 JavaThread "Monitor Ctrl-Break" daemon [_thread_in_native, id=66477, stack(0x00007c7da1c00000,0x00007c7da1d00000)]
  0x00007c7dbc4d63b0 JavaThread "Notification Thread" daemon [_thread_blocked, id=66478, stack(0x00007c7da1b00000,0x00007c7da1c00000)]
  0x00007c7dbc58e800 JavaThread "RMI TCP Accept-0" daemon [_thread_in_native, id=66480, stack(0x00007c7da1700000,0x00007c7da1800000)]
  0x00007c7cec0030d0 JavaThread "RMI TCP Connection(1)-192.168.1.50" daemon [_thread_in_native, id=66483, stack(0x00007c7da14ff000,0x00007c7da15ff000)]
  0x00007c7ce002aa70 JavaThread "RMI Scheduler(0)" daemon [_thread_blocked, id=66484, stack(0x00007c7da1100000,0x00007c7da1200000)]
  0x00007c7ce0030a30 JavaThread "JMX server connection timeout 20" daemon [_thread_blocked, id=66485, stack(0x00007c7da1000000,0x00007c7da1100000)]
  0x00007c7d1c123c10 JavaThread "C1 CompilerThread3" daemon [_thread_blocked, id=66486, stack(0x00007c7da0f00000,0x00007c7da1000000)]

Other Threads:
  0x00007c7dbc1883d0 VMThread "VM Thread" [stack: 0x00007c7da8af8000,0x00007c7da8bf8000] [id=66462]
  0x00007c7dbc02c2b0 WatcherThread [stack: 0x00007c7da1600000,0x00007c7da1700000] [id=66481]
  0x00007c7dbc091e60 GCTaskThread "GC Thread#0" [stack: 0x00007c7dc1cfe000,0x00007c7dc1dfe000] [id=66456]
  0x00007c7d40006660 GCTaskThread "GC Thread#1" [stack: 0x00007c7da0b00000,0x00007c7da0c00000] [id=66488]
  0x00007c7d40007070 GCTaskThread "GC Thread#2" [stack: 0x00007c7da09ff000,0x00007c7da0aff000] [id=66489]
  0x00007c7d40007a80 GCTaskThread "GC Thread#3" [stack: 0x00007c7da08fe000,0x00007c7da09fe000] [id=66490]
  0x00007c7d40008490 GCTaskThread "GC Thread#4" [stack: 0x00007c7da0500000,0x00007c7da0600000] [id=66491]
  0x00007c7d4000e1c0 GCTaskThread "GC Thread#5" [stack: 0x00007c7da03ff000,0x00007c7da04ff000] [id=66492]
  0x00007c7d4000f7c0 GCTaskThread "GC Thread#6" [stack: 0x00007c7da01fe000,0x00007c7da02fe000] [id=66499]
  0x00007c7d4000fd80 GCTaskThread "GC Thread#7" [stack: 0x00007c7da00fd000,0x00007c7da01fd000] [id=66500]
  0x00007c7dbc0a2480 ConcurrentGCThread "G1 Main Marker" [stack: 0x00007c7dc1900000,0x00007c7dc1a00000] [id=66457]
  0x00007c7dbc0a33f0 ConcurrentGCThread "G1 Conc#0" [stack: 0x00007c7dc17ff000,0x00007c7dc18ff000] [id=66458]
  0x00007c7dbc15ac60 ConcurrentGCThread "G1 Refine#0" [stack: 0x00007c7da8cfa000,0x00007c7da8dfa000] [id=66459]
  0x00007c7dbc15bb60 ConcurrentGCThread "G1 Service" [stack: 0x00007c7da8bf9000,0x00007c7da8cf9000] [id=66460]

Threads with active compile tasks:
C1 CompilerThread0     1286 2956   !   1       jdk.proxy2.$Proxy31::annotationType (29 bytes)
C1 CompilerThread2     1286 2955       1       org.springframework.util.Assert::isInstanceOf (21 bytes)

VM state: not at safepoint (normal execution)

VM Mutex/Monitor currently owned by a thread:  ([mutex/lock_event])
[0x00007c7dbc025420] CodeCache_lock - owner thread: 0x00007c7dbc196da0
[0x00007c7dbc0276e0] Compile_lock - owner thread: 0x00007c7dbc196da0
[0x00007c7dbc0278f0] MethodCompileQueue_lock - owner thread: 0x00007c7dbc196da0

Heap address: 0x0000000710000000, size: 3840 MB, Compressed Oops mode: Zero based, Oop shift amount: 3

CDS archive(s) mapped at: [0x00007c7d4b000000-0x00007c7d4bbc6000-0x00007c7d4bbc6000), size 12345344, SharedBaseAddress: 0x00007c7d4b000000, ArchiveRelocationMode: 1.
Compressed class space mapped at: 0x00007c7d4c000000-0x00007c7d8c000000, reserved size: 1073741824
Narrow klass base: 0x00007c7d4b000000, Narrow klass shift: 0, Narrow klass range: 0x100000000

GC Precious Log:
 CPUs: 12 total, 12 available
 Memory: 15355M
 Large Page Support: Disabled
 NUMA Support: Disabled
 Compressed Oops: Enabled (Zero based)
 Heap Region Size: 2M
 Heap Min Capacity: 8M
 Heap Initial Capacity: 240M
 Heap Max Capacity: 3840M
 Pre-touch: Disabled
 Parallel Workers: 10
 Concurrent Workers: 3
 Concurrent Refinement Workers: 10
 Periodic GC: Disabled

Heap:
 garbage-first heap   total 249856K, used 68164K [0x0000000710000000, 0x0000000800000000)
  region size 2048K, 30 young (61440K), 1 survivors (2048K)
 Metaspace       used 21218K, committed 21504K, reserved 1114112K
  class space    used 2872K, committed 3008K, reserved 1048576K

Heap Regions: E=young(eden), S=young(survivor), O=old, HS=humongous(starts), HC=humongous(continues), CS=collection set, F=free, OA=open archive, CA=closed archive, TAMS=top-at-mark-start (previous, next)
|   0|0x0000000710000000, 0x0000000710200000, 0x0000000710200000|100%| O|  |TAMS 0x0000000710000000, 0x0000000710000000| Untracked 
|   1|0x0000000710200000, 0x0000000710400000, 0x0000000710400000|100%| O|  |TAMS 0x0000000710200000, 0x0000000710200000| Untracked 
|   2|0x0000000710400000, 0x0000000710600000, 0x0000000710600000|100%| O|  |TAMS 0x0000000710400000, 0x0000000710400000| Untracked 
|   3|0x0000000710600000, 0x000000071070bc00, 0x0000000710800000| 52%| O|  |TAMS 0x0000000710600000, 0x0000000710600000| Untracked 
|   4|0x0000000710800000, 0x0000000710800000, 0x0000000710a00000|  0%| F|  |TAMS 0x0000000710800000, 0x0000000710800000| Untracked 
|   5|0x0000000710a00000, 0x0000000710a00000, 0x0000000710c00000|  0%| F|  |TAMS 0x0000000710a00000, 0x0000000710a00000| Untracked 
|   6|0x0000000710c00000, 0x0000000710c00000, 0x0000000710e00000|  0%| F|  |TAMS 0x0000000710c00000, 0x0000000710c00000| Untracked 
|   7|0x0000000710e00000, 0x0000000710e00000, 0x0000000711000000|  0%| F|  |TAMS 0x0000000710e00000, 0x0000000710e00000| Untracked 
|   8|0x0000000711000000, 0x0000000711000000, 0x0000000711200000|  0%| F|  |TAMS 0x0000000711000000, 0x0000000711000000| Untracked 
|   9|0x0000000711200000, 0x0000000711200000, 0x0000000711400000|  0%| F|  |TAMS 0x0000000711200000, 0x0000000711200000| Untracked 
|  10|0x0000000711400000, 0x0000000711400000, 0x0000000711600000|  0%| F|  |TAMS 0x0000000711400000, 0x0000000711400000| Untracked 
|  11|0x0000000711600000, 0x0000000711600000, 0x0000000711800000|  0%| F|  |TAMS 0x0000000711600000, 0x0000000711600000| Untracked 
|  12|0x0000000711800000, 0x0000000711800000, 0x0000000711a00000|  0%| F|  |TAMS 0x0000000711800000, 0x0000000711800000| Untracked 
|  13|0x0000000711a00000, 0x0000000711a00000, 0x0000000711c00000|  0%| F|  |TAMS 0x0000000711a00000, 0x0000000711a00000| Untracked 
|  14|0x0000000711c00000, 0x0000000711c00000, 0x0000000711e00000|  0%| F|  |TAMS 0x0000000711c00000, 0x0000000711c00000| Untracked 
|  15|0x0000000711e00000, 0x0000000711e00000, 0x0000000712000000|  0%| F|  |TAMS 0x0000000711e00000, 0x0000000711e00000| Untracked 
|  16|0x0000000712000000, 0x0000000712000000, 0x0000000712200000|  0%| F|  |TAMS 0x0000000712000000, 0x0000000712000000| Untracked 
|  17|0x0000000712200000, 0x0000000712200000, 0x0000000712400000|  0%| F|  |TAMS 0x0000000712200000, 0x0000000712200000| Untracked 
|  18|0x0000000712400000, 0x0000000712400000, 0x0000000712600000|  0%| F|  |TAMS 0x0000000712400000, 0x0000000712400000| Untracked 
|  19|0x0000000712600000, 0x0000000712600000, 0x0000000712800000|  0%| F|  |TAMS 0x0000000712600000, 0x0000000712600000| Untracked 
|  20|0x0000000712800000, 0x0000000712800000, 0x0000000712a00000|  0%| F|  |TAMS 0x0000000712800000, 0x0000000712800000| Untracked 
|  21|0x0000000712a00000, 0x0000000712a00000, 0x0000000712c00000|  0%| F|  |TAMS 0x0000000712a00000, 0x0000000712a00000| Untracked 
|  22|0x0000000712c00000, 0x0000000712c00000, 0x0000000712e00000|  0%| F|  |TAMS 0x0000000712c00000, 0x0000000712c00000| Untracked 
|  23|0x0000000712e00000, 0x0000000712e00000, 0x0000000713000000|  0%| F|  |TAMS 0x0000000712e00000, 0x0000000712e00000| Untracked 
|  24|0x0000000713000000, 0x0000000713000000, 0x0000000713200000|  0%| F|  |TAMS 0x0000000713000000, 0x0000000713000000| Untracked 
|  25|0x0000000713200000, 0x0000000713200000, 0x0000000713400000|  0%| F|  |TAMS 0x0000000713200000, 0x0000000713200000| Untracked 
|  26|0x0000000713400000, 0x0000000713400000, 0x0000000713600000|  0%| F|  |TAMS 0x0000000713400000, 0x0000000713400000| Untracked 
|  27|0x0000000713600000, 0x0000000713600000, 0x0000000713800000|  0%| F|  |TAMS 0x0000000713600000, 0x0000000713600000| Untracked 
|  28|0x0000000713800000, 0x0000000713800000, 0x0000000713a00000|  0%| F|  |TAMS 0x0000000713800000, 0x0000000713800000| Untracked 
|  29|0x0000000713a00000, 0x0000000713a00000, 0x0000000713c00000|  0%| F|  |TAMS 0x0000000713a00000, 0x0000000713a00000| Untracked 
|  30|0x0000000713c00000, 0x0000000713c00000, 0x0000000713e00000|  0%| F|  |TAMS 0x0000000713c00000, 0x0000000713c00000| Untracked 
|  31|0x0000000713e00000, 0x0000000713e00000, 0x0000000714000000|  0%| F|  |TAMS 0x0000000713e00000, 0x0000000713e00000| Untracked 
|  32|0x0000000714000000, 0x0000000714000000, 0x0000000714200000|  0%| F|  |TAMS 0x0000000714000000, 0x0000000714000000| Untracked 
|  33|0x0000000714200000, 0x0000000714200000, 0x0000000714400000|  0%| F|  |TAMS 0x0000000714200000, 0x0000000714200000| Untracked 
|  34|0x0000000714400000, 0x0000000714400000, 0x0000000714600000|  0%| F|  |TAMS 0x0000000714400000, 0x0000000714400000| Untracked 
|  35|0x0000000714600000, 0x0000000714600000, 0x0000000714800000|  0%| F|  |TAMS 0x0000000714600000, 0x0000000714600000| Untracked 
|  36|0x0000000714800000, 0x0000000714800000, 0x0000000714a00000|  0%| F|  |TAMS 0x0000000714800000, 0x0000000714800000| Untracked 
|  37|0x0000000714a00000, 0x0000000714a00000, 0x0000000714c00000|  0%| F|  |TAMS 0x0000000714a00000, 0x0000000714a00000| Untracked 
|  38|0x0000000714c00000, 0x0000000714c00000, 0x0000000714e00000|  0%| F|  |TAMS 0x0000000714c00000, 0x0000000714c00000| Untracked 
|  39|0x0000000714e00000, 0x0000000714e00000, 0x0000000715000000|  0%| F|  |TAMS 0x0000000714e00000, 0x0000000714e00000| Untracked 
|  40|0x0000000715000000, 0x0000000715000000, 0x0000000715200000|  0%| F|  |TAMS 0x0000000715000000, 0x0000000715000000| Untracked 
|  41|0x0000000715200000, 0x0000000715200000, 0x0000000715400000|  0%| F|  |TAMS 0x0000000715200000, 0x0000000715200000| Untracked 
|  42|0x0000000715400000, 0x0000000715400000, 0x0000000715600000|  0%| F|  |TAMS 0x0000000715400000, 0x0000000715400000| Untracked 
|  43|0x0000000715600000, 0x0000000715600000, 0x0000000715800000|  0%| F|  |TAMS 0x0000000715600000, 0x0000000715600000| Untracked 
|  44|0x0000000715800000, 0x0000000715800000, 0x0000000715a00000|  0%| F|  |TAMS 0x0000000715800000, 0x0000000715800000| Untracked 
|  45|0x0000000715a00000, 0x0000000715a00000, 0x0000000715c00000|  0%| F|  |TAMS 0x0000000715a00000, 0x0000000715a00000| Untracked 
|  46|0x0000000715c00000, 0x0000000715c00000, 0x0000000715e00000|  0%| F|  |TAMS 0x0000000715c00000, 0x0000000715c00000| Untracked 
|  47|0x0000000715e00000, 0x0000000715e00000, 0x0000000716000000|  0%| F|  |TAMS 0x0000000715e00000, 0x0000000715e00000| Untracked 
|  48|0x0000000716000000, 0x0000000716000000, 0x0000000716200000|  0%| F|  |TAMS 0x0000000716000000, 0x0000000716000000| Untracked 
|  49|0x0000000716200000, 0x0000000716200000, 0x0000000716400000|  0%| F|  |TAMS 0x0000000716200000, 0x0000000716200000| Untracked 
|  50|0x0000000716400000, 0x0000000716400000, 0x0000000716600000|  0%| F|  |TAMS 0x0000000716400000, 0x0000000716400000| Untracked 
|  51|0x0000000716600000, 0x0000000716600000, 0x0000000716800000|  0%| F|  |TAMS 0x0000000716600000, 0x0000000716600000| Untracked 
|  52|0x0000000716800000, 0x0000000716800000, 0x0000000716a00000|  0%| F|  |TAMS 0x0000000716800000, 0x0000000716800000| Untracked 
|  53|0x0000000716a00000, 0x0000000716a00000, 0x0000000716c00000|  0%| F|  |TAMS 0x0000000716a00000, 0x0000000716a00000| Untracked 
|  54|0x0000000716c00000, 0x0000000716c00000, 0x0000000716e00000|  0%| F|  |TAMS 0x0000000716c00000, 0x0000000716c00000| Untracked 
|  55|0x0000000716e00000, 0x0000000716e00000, 0x0000000717000000|  0%| F|  |TAMS 0x0000000716e00000, 0x0000000716e00000| Untracked 
|  56|0x0000000717000000, 0x0000000717000000, 0x0000000717200000|  0%| F|  |TAMS 0x0000000717000000, 0x0000000717000000| Untracked 
|  57|0x0000000717200000, 0x0000000717200000, 0x0000000717400000|  0%| F|  |TAMS 0x0000000717200000, 0x0000000717200000| Untracked 
|  58|0x0000000717400000, 0x0000000717400000, 0x0000000717600000|  0%| F|  |TAMS 0x0000000717400000, 0x0000000717400000| Untracked 
|  59|0x0000000717600000, 0x0000000717600000, 0x0000000717800000|  0%| F|  |TAMS 0x0000000717600000, 0x0000000717600000| Untracked 
|  60|0x0000000717800000, 0x0000000717800000, 0x0000000717a00000|  0%| F|  |TAMS 0x0000000717800000, 0x0000000717800000| Untracked 
|  61|0x0000000717a00000, 0x0000000717a00000, 0x0000000717c00000|  0%| F|  |TAMS 0x0000000717a00000, 0x0000000717a00000| Untracked 
|  62|0x0000000717c00000, 0x0000000717c00000, 0x0000000717e00000|  0%| F|  |TAMS 0x0000000717c00000, 0x0000000717c00000| Untracked 
|  63|0x0000000717e00000, 0x0000000717e00000, 0x0000000718000000|  0%| F|  |TAMS 0x0000000717e00000, 0x0000000717e00000| Untracked 
|  64|0x0000000718000000, 0x0000000718000000, 0x0000000718200000|  0%| F|  |TAMS 0x0000000718000000, 0x0000000718000000| Untracked 
|  65|0x0000000718200000, 0x0000000718200000, 0x0000000718400000|  0%| F|  |TAMS 0x0000000718200000, 0x0000000718200000| Untracked 
|  66|0x0000000718400000, 0x0000000718400000, 0x0000000718600000|  0%| F|  |TAMS 0x0000000718400000, 0x0000000718400000| Untracked 
|  67|0x0000000718600000, 0x0000000718600000, 0x0000000718800000|  0%| F|  |TAMS 0x0000000718600000, 0x0000000718600000| Untracked 
|  68|0x0000000718800000, 0x0000000718800000, 0x0000000718a00000|  0%| F|  |TAMS 0x0000000718800000, 0x0000000718800000| Untracked 
|  69|0x0000000718a00000, 0x0000000718a00000, 0x0000000718c00000|  0%| F|  |TAMS 0x0000000718a00000, 0x0000000718a00000| Untracked 
|  70|0x0000000718c00000, 0x0000000718c00000, 0x0000000718e00000|  0%| F|  |TAMS 0x0000000718c00000, 0x0000000718c00000| Untracked 
|  71|0x0000000718e00000, 0x0000000718e00000, 0x0000000719000000|  0%| F|  |TAMS 0x0000000718e00000, 0x0000000718e00000| Untracked 
|  72|0x0000000719000000, 0x0000000719000000, 0x0000000719200000|  0%| F|  |TAMS 0x0000000719000000, 0x0000000719000000| Untracked 
|  73|0x0000000719200000, 0x0000000719200000, 0x0000000719400000|  0%| F|  |TAMS 0x0000000719200000, 0x0000000719200000| Untracked 
|  74|0x0000000719400000, 0x0000000719400000, 0x0000000719600000|  0%| F|  |TAMS 0x0000000719400000, 0x0000000719400000| Untracked 
|  75|0x0000000719600000, 0x0000000719600000, 0x0000000719800000|  0%| F|  |TAMS 0x0000000719600000, 0x0000000719600000| Untracked 
|  76|0x0000000719800000, 0x0000000719800000, 0x0000000719a00000|  0%| F|  |TAMS 0x0000000719800000, 0x0000000719800000| Untracked 
|  77|0x0000000719a00000, 0x0000000719a00000, 0x0000000719c00000|  0%| F|  |TAMS 0x0000000719a00000, 0x0000000719a00000| Untracked 
|  78|0x0000000719c00000, 0x0000000719c00000, 0x0000000719e00000|  0%| F|  |TAMS 0x0000000719c00000, 0x0000000719c00000| Untracked 
|  79|0x0000000719e00000, 0x0000000719e00000, 0x000000071a000000|  0%| F|  |TAMS 0x0000000719e00000, 0x0000000719e00000| Untracked 
|  80|0x000000071a000000, 0x000000071a000000, 0x000000071a200000|  0%| F|  |TAMS 0x000000071a000000, 0x000000071a000000| Untracked 
|  81|0x000000071a200000, 0x000000071a200000, 0x000000071a400000|  0%| F|  |TAMS 0x000000071a200000, 0x000000071a200000| Untracked 
|  82|0x000000071a400000, 0x000000071a400000, 0x000000071a600000|  0%| F|  |TAMS 0x000000071a400000, 0x000000071a400000| Untracked 
|  83|0x000000071a600000, 0x000000071a600000, 0x000000071a800000|  0%| F|  |TAMS 0x000000071a600000, 0x000000071a600000| Untracked 
|  84|0x000000071a800000, 0x000000071a800000, 0x000000071aa00000|  0%| F|  |TAMS 0x000000071a800000, 0x000000071a800000| Untracked 
|  85|0x000000071aa00000, 0x000000071aa00000, 0x000000071ac00000|  0%| F|  |TAMS 0x000000071aa00000, 0x000000071aa00000| Untracked 
|  86|0x000000071ac00000, 0x000000071ac00000, 0x000000071ae00000|  0%| F|  |TAMS 0x000000071ac00000, 0x000000071ac00000| Untracked 
|  87|0x000000071ae00000, 0x000000071ae00000, 0x000000071b000000|  0%| F|  |TAMS 0x000000071ae00000, 0x000000071ae00000| Untracked 
|  88|0x000000071b000000, 0x000000071b000000, 0x000000071b200000|  0%| F|  |TAMS 0x000000071b000000, 0x000000071b000000| Untracked 
|  89|0x000000071b200000, 0x000000071b200000, 0x000000071b400000|  0%| F|  |TAMS 0x000000071b200000, 0x000000071b200000| Untracked 
|  90|0x000000071b400000, 0x000000071b4055b8, 0x000000071b600000|  1%| E|  |TAMS 0x000000071b400000, 0x000000071b400000| Complete 
|  91|0x000000071b600000, 0x000000071b800000, 0x000000071b800000|100%| E|CS|TAMS 0x000000071b600000, 0x000000071b600000| Complete 
|  92|0x000000071b800000, 0x000000071ba00000, 0x000000071ba00000|100%| E|CS|TAMS 0x000000071b800000, 0x000000071b800000| Complete 
|  93|0x000000071ba00000, 0x000000071bc00000, 0x000000071bc00000|100%| E|CS|TAMS 0x000000071ba00000, 0x000000071ba00000| Complete 
|  94|0x000000071bc00000, 0x000000071be00000, 0x000000071be00000|100%| E|CS|TAMS 0x000000071bc00000, 0x000000071bc00000| Complete 
|  95|0x000000071be00000, 0x000000071c000000, 0x000000071c000000|100%| E|CS|TAMS 0x000000071be00000, 0x000000071be00000| Complete 
|  96|0x000000071c000000, 0x000000071c200000, 0x000000071c200000|100%| E|CS|TAMS 0x000000071c000000, 0x000000071c000000| Complete 
|  97|0x000000071c200000, 0x000000071c400000, 0x000000071c400000|100%| E|CS|TAMS 0x000000071c200000, 0x000000071c200000| Complete 
|  98|0x000000071c400000, 0x000000071c600000, 0x000000071c600000|100%| E|CS|TAMS 0x000000071c400000, 0x000000071c400000| Complete 
|  99|0x000000071c600000, 0x000000071c800000, 0x000000071c800000|100%| E|CS|TAMS 0x000000071c600000, 0x000000071c600000| Complete 
| 100|0x000000071c800000, 0x000000071ca00000, 0x000000071ca00000|100%| E|CS|TAMS 0x000000071c800000, 0x000000071c800000| Complete 
| 101|0x000000071ca00000, 0x000000071cc00000, 0x000000071cc00000|100%| E|CS|TAMS 0x000000071ca00000, 0x000000071ca00000| Complete 
| 102|0x000000071cc00000, 0x000000071ce00000, 0x000000071ce00000|100%| E|CS|TAMS 0x000000071cc00000, 0x000000071cc00000| Complete 
| 103|0x000000071ce00000, 0x000000071d000000, 0x000000071d000000|100%| E|CS|TAMS 0x000000071ce00000, 0x000000071ce00000| Complete 
| 104|0x000000071d000000, 0x000000071d200000, 0x000000071d200000|100%| E|CS|TAMS 0x000000071d000000, 0x000000071d000000| Complete 
| 105|0x000000071d200000, 0x000000071d400000, 0x000000071d400000|100%| E|CS|TAMS 0x000000071d200000, 0x000000071d200000| Complete 
| 106|0x000000071d400000, 0x000000071d5997b0, 0x000000071d600000| 79%| S|CS|TAMS 0x000000071d400000, 0x000000071d400000| Complete 
| 107|0x000000071d600000, 0x000000071d800000, 0x000000071d800000|100%| E|CS|TAMS 0x000000071d600000, 0x000000071d600000| Complete 
| 108|0x000000071d800000, 0x000000071da00000, 0x000000071da00000|100%| E|CS|TAMS 0x000000071d800000, 0x000000071d800000| Complete 
| 109|0x000000071da00000, 0x000000071dc00000, 0x000000071dc00000|100%| E|CS|TAMS 0x000000071da00000, 0x000000071da00000| Complete 
| 110|0x000000071dc00000, 0x000000071de00000, 0x000000071de00000|100%| E|CS|TAMS 0x000000071dc00000, 0x000000071dc00000| Complete 
| 111|0x000000071de00000, 0x000000071e000000, 0x000000071e000000|100%| E|CS|TAMS 0x000000071de00000, 0x000000071de00000| Complete 
| 112|0x000000071e000000, 0x000000071e200000, 0x000000071e200000|100%| E|CS|TAMS 0x000000071e000000, 0x000000071e000000| Complete 
| 113|0x000000071e200000, 0x000000071e400000, 0x000000071e400000|100%| E|CS|TAMS 0x000000071e200000, 0x000000071e200000| Complete 
| 114|0x000000071e400000, 0x000000071e600000, 0x000000071e600000|100%| E|CS|TAMS 0x000000071e400000, 0x000000071e400000| Complete 
| 115|0x000000071e600000, 0x000000071e800000, 0x000000071e800000|100%| E|CS|TAMS 0x000000071e600000, 0x000000071e600000| Complete 
| 116|0x000000071e800000, 0x000000071ea00000, 0x000000071ea00000|100%| E|CS|TAMS 0x000000071e800000, 0x000000071e800000| Complete 
| 117|0x000000071ea00000, 0x000000071ec00000, 0x000000071ec00000|100%| E|CS|TAMS 0x000000071ea00000, 0x000000071ea00000| Complete 
| 118|0x000000071ec00000, 0x000000071ee00000, 0x000000071ee00000|100%| E|CS|TAMS 0x000000071ec00000, 0x000000071ec00000| Complete 
| 119|0x000000071ee00000, 0x000000071f000000, 0x000000071f000000|100%| E|CS|TAMS 0x000000071ee00000, 0x000000071ee00000| Complete 
|1918|0x00000007ffc00000, 0x00000007ffd75000, 0x00000007ffe00000| 72%|OA|  |TAMS 0x00000007ffc00000, 0x00000007ffc00000| Untracked 
|1919|0x00000007ffe00000, 0x00000007ffe77000, 0x0000000800000000| 23%|CA|  |TAMS 0x00000007ffe00000, 0x00000007ffe00000| Untracked 

Card table byte_map: [0x00007c7dc0400000,0x00007c7dc0b80000] _byte_map_base: 0x00007c7dbcb80000

Marking Bits (Prev, Next): (CMBitMap*) 0x00007c7dbc0928f0, (CMBitMap*) 0x00007c7dbc092930
 Prev Bits: [0x00007c7dad000000, 0x00007c7db0c00000)
 Next Bits: [0x00007c7da9400000, 0x00007c7dad000000)

Polling page: 0x00007c7dc4a36000

Metaspace:

Usage:
  Non-class:     17,92 MB used.
      Class:      2,81 MB used.
       Both:     20,72 MB used.

Virtual space:
  Non-class space:       64,00 MB reserved,      18,06 MB ( 28%) committed,  1 nodes.
      Class space:        1,00 GB reserved,       2,94 MB ( <1%) committed,  1 nodes.
             Both:        1,06 GB reserved,      21,00 MB (  2%) committed. 

Chunk freelists:
   Non-Class:  13,62 MB
       Class:  13,00 MB
        Both:  26,63 MB

MaxMetaspaceSize: unlimited
CompressedClassSpaceSize: 1,00 GB
Initial GC threshold: 21,00 MB
Current GC threshold: 21,00 MB
CDS: on
MetaspaceReclaimPolicy: balanced
 - commit_granule_bytes: 65536.
 - commit_granule_words: 8192.
 - virtual_space_node_default_size: 8388608.
 - enlarge_chunks_in_place: 1.
 - new_chunks_are_fully_committed: 0.
 - uncommit_free_chunks: 1.
 - use_allocation_guard: 0.
 - handle_deallocations: 1.


Internal statistics:

num_allocs_failed_limit: 0.
num_arena_births: 342.
num_arena_deaths: 0.
num_vsnodes_births: 2.
num_vsnodes_deaths: 0.
num_space_committed: 336.
num_space_uncommitted: 0.
num_chunks_returned_to_freelist: 0.
num_chunks_taken_from_freelist: 1033.
num_chunk_merges: 0.
num_chunk_splits: 691.
num_chunks_enlarged: 508.
num_inconsistent_stats: 0.

CodeCache: size=49152Kb used=7383Kb max_used=7383Kb free=41768Kb
 bounds [0x00007c7db1400000, 0x00007c7db1b40000, 0x00007c7db4400000]
 total_blobs=3465 nmethods=2955 adapters=434
 compilation: enabled
              stopped_count=0, restarted_count=0
 full_count=0

Compilation events (20 events):
Event: 1,263 Thread 0x00007c7dbc196da0 2947       1       org.springframework.util.ReflectionUtils::lambda$getUniqueDeclaredMethods$2 (149 bytes)
Event: 1,264 Thread 0x00007c7d1c0b7190 2948       1       org.springframework.beans.factory.support.AbstractBeanDefinition::setFactoryBeanName (6 bytes)
Event: 1,264 Thread 0x00007c7d1c0b5b10 2949       1       java.lang.String::indexOfNonWhitespace (25 bytes)
Event: 1,264 Thread 0x00007c7d1c0b7190 nmethod 2948 0x00007c7db1b33610 code [0x00007c7db1b337a0, 0x00007c7db1b338b0]
Event: 1,264 Thread 0x00007c7dbc196da0 nmethod 2947 0x00007c7db1b33910 code [0x00007c7db1b33b60, 0x00007c7db1b33f60]
Event: 1,264 Thread 0x00007c7d1c0b7190 2950       1       org.springframework.beans.factory.support.RootBeanDefinition::isFactoryMethod (12 bytes)
Event: 1,264 Thread 0x00007c7d1c123c10 2951       1       org.springframework.context.annotation.ConfigurationClassBeanDefinitionReader$ConfigurationClassBeanDefinition::isFactoryMethod (35 bytes)
Event: 1,264 Thread 0x00007c7dbc196da0 2952       1       org.springframework.core.annotation.TypeMappedAnnotation$$Lambda$173/0x00007c7d4c111a98::extract (6 bytes)
Event: 1,264 Thread 0x00007c7dbc196da0 nmethod 2952 0x00007c7db1b34290 code [0x00007c7db1b34420, 0x00007c7db1b34500]
Event: 1,264 Thread 0x00007c7d1c0b5b10 nmethod 2949 0x00007c7db1b34590 code [0x00007c7db1b34740, 0x00007c7db1b34890]
Event: 1,264 Thread 0x00007c7d1c0b7190 nmethod 2950 0x00007c7db1b34910 code [0x00007c7db1b34ac0, 0x00007c7db1b34bc0]
Event: 1,264 Thread 0x00007c7dbc196da0 2953       1       org.springframework.beans.factory.support.AbstractBeanDefinition::getInstanceSupplier (5 bytes)
Event: 1,264 Thread 0x00007c7dbc196da0 nmethod 2953 0x00007c7db1b34c90 code [0x00007c7db1b34e20, 0x00007c7db1b34ef0]
Event: 1,264 Thread 0x00007c7dbc196da0 2954       1       org.springframework.beans.factory.support.AbstractBeanDefinition::setBeanClassName (6 bytes)
Event: 1,264 Thread 0x00007c7d1c123c10 nmethod 2951 0x00007c7db1b34f90 code [0x00007c7db1b35160, 0x00007c7db1b35310]
Event: 1,265 Thread 0x00007c7dbc196da0 nmethod 2954 0x00007c7db1b35490 code [0x00007c7db1b35620, 0x00007c7db1b35730]
Event: 1,266 Thread 0x00007c7dbc196da0 2956   !   1       jdk.proxy2.$Proxy31::annotationType (29 bytes)
Event: 1,266 Thread 0x00007c7d1c0b7190 2955       1       org.springframework.util.Assert::isInstanceOf (21 bytes)
Event: 1,266 Thread 0x00007c7d1c123c10 2957       1       org.springframework.beans.factory.support.RootBeanDefinition::getParentName (2 bytes)
Event: 1,266 Thread 0x00007c7d1c123c10 nmethod 2957 0x00007c7db1b35790 code [0x00007c7db1b35920, 0x00007c7db1b359f0]

GC Heap History (4 events):
Event: 0,459 GC heap before
{Heap before GC invocations=0 (full 0):
 garbage-first heap   total 249856K, used 22448K [0x0000000710000000, 0x0000000800000000)
  region size 2048K, 11 young (22528K), 0 survivors (0K)
 Metaspace       used 7404K, committed 7680K, reserved 1114112K
  class space    used 941K, committed 1088K, reserved 1048576K
}
Event: 0,466 GC heap after
{Heap after GC invocations=1 (full 0):
 garbage-first heap   total 249856K, used 9774K [0x0000000710000000, 0x0000000800000000)
  region size 2048K, 2 young (4096K), 2 survivors (4096K)
 Metaspace       used 7404K, committed 7680K, reserved 1114112K
  class space    used 941K, committed 1088K, reserved 1048576K
}
Event: 0,759 GC heap before
{Heap before GC invocations=1 (full 0):
 garbage-first heap   total 249856K, used 30254K [0x0000000710000000, 0x0000000800000000)
  region size 2048K, 13 young (26624K), 2 survivors (4096K)
 Metaspace       used 12323K, committed 12608K, reserved 1114112K
  class space    used 1682K, committed 1792K, reserved 1048576K
}
Event: 0,764 GC heap after
{Heap after GC invocations=2 (full 0):
 garbage-first heap   total 249856K, used 10820K [0x0000000710000000, 0x0000000800000000)
  region size 2048K, 1 young (2048K), 1 survivors (2048K)
 Metaspace       used 12323K, committed 12608K, reserved 1114112K
  class space    used 1682K, committed 1792K, reserved 1048576K
}

Dll operation events (11 events):
Event: 0,002 Loaded shared library /usr/lib/jvm/java-17-amazon-corretto/lib/libjava.so
Event: 0,020 Loaded shared library /usr/lib/jvm/java-17-amazon-corretto/lib/libjsvml.so
Event: 0,063 Loaded shared library /usr/lib/jvm/java-17-amazon-corretto/lib/libzip.so
Event: 0,064 Loaded shared library /usr/lib/jvm/java-17-amazon-corretto/lib/libinstrument.so
Event: 0,066 Loaded shared library /usr/lib/jvm/java-17-amazon-corretto/lib/libnio.so
Event: 0,068 Loaded shared library /usr/lib/jvm/java-17-amazon-corretto/lib/libzip.so
Event: 0,127 Loaded shared library /usr/lib/jvm/java-17-amazon-corretto/lib/libnet.so
Event: 0,130 Loaded shared library /usr/lib/jvm/java-17-amazon-corretto/lib/libjimage.so
Event: 0,133 Loaded shared library /usr/lib/jvm/java-17-amazon-corretto/lib/libextnet.so
Event: 0,145 Loaded shared library /usr/lib/jvm/java-17-amazon-corretto/lib/libmanagement.so
Event: 0,157 Loaded shared library /usr/lib/jvm/java-17-amazon-corretto/lib/libmanagement_ext.so

Deoptimization events (4 events):
Event: 0,817 Thread 0x00007c7dbc029a10 DEOPT PACKING pc=0x00007c7db19ad211 sp=0x00007c7dc4908930
Event: 0,817 Thread 0x00007c7dbc029a10 DEOPT UNPACKING pc=0x00007c7db1456e2f sp=0x00007c7dc4907e30 mode 3
Event: 0,934 Thread 0x00007c7dbc029a10 DEOPT PACKING pc=0x00007c7db1a0ab55 sp=0x00007c7dc4909ca0
Event: 0,934 Thread 0x00007c7dbc029a10 DEOPT UNPACKING pc=0x00007c7db1456e2f sp=0x00007c7dc4909170 mode 3

Classes unloaded (0 events):
No events

Classes redefined (0 events):
No events

Internal exceptions (20 events):
Event: 0,692 Thread 0x00007c7dbc029a10 Exception <a 'java/lang/NoSuchMethodError'{0x000000071e0a9568}: 'void java.lang.invoke.DirectMethodHandle$Holder.invokeStatic(java.lang.Object, java.lang.Object, int)'> (0x000000071e0a9568) 
thrown [src/hotspot/share/interpreter/linkResolver.cpp, line 759]
Event: 0,694 Thread 0x00007c7dbc029a10 Exception <a 'java/lang/NoSuchMethodError'{0x000000071e0bf630}: 'void java.lang.invoke.DirectMethodHandle$Holder.invokeStaticInit(java.lang.Object, java.lang.Object, java.lang.Object)'> (0x000000071e0bf630) 
thrown [src/hotspot/share/interpreter/linkResolver.cpp, line 759]
Event: 0,699 Thread 0x00007c7dbc029a10 Exception <a 'java/lang/NoSuchMethodError'{0x000000071e10e128}: 'java.lang.Object java.lang.invoke.DirectMethodHandle$Holder.invokeStatic(java.lang.Object, java.lang.Object, long, java.lang.Object)'> (0x000000071e10e128) 
thrown [src/hotspot/share/interpreter/linkResolver.cpp, line 759]
Event: 0,699 Thread 0x00007c7dbc029a10 Exception <a 'java/lang/NoSuchMethodError'{0x000000071e111bc0}: 'java.lang.Object java.lang.invoke.DirectMethodHandle$Holder.invokeStaticInit(java.lang.Object, java.lang.Object, long, java.lang.Object)'> (0x000000071e111bc0) 
thrown [src/hotspot/share/interpreter/linkResolver.cpp, line 759]
Event: 0,700 Thread 0x00007c7dbc029a10 Exception <a 'java/lang/NoSuchMethodError'{0x000000071e1181d0}: 'java.lang.Object java.lang.invoke.DirectMethodHandle$Holder.newInvokeSpecial(java.lang.Object, java.lang.Object, long)'> (0x000000071e1181d0) 
thrown [src/hotspot/share/interpreter/linkResolver.cpp, line 759]
Event: 0,709 Thread 0x00007c7dbc029a10 Exception <a 'java/lang/NoSuchMethodError'{0x000000071e17efe8}: 'void java.lang.invoke.DirectMethodHandle$Holder.invokeVirtual(java.lang.Object, java.lang.Object, java.lang.Object, java.lang.Object)'> (0x000000071e17efe8) 
thrown [src/hotspot/share/interpreter/linkResolver.cpp, line 759]
Event: 0,731 Thread 0x00007c7dbc029a10 Exception <a 'java/lang/NoSuchMethodError'{0x000000071dee6eb8}: 'void java.lang.invoke.DirectMethodHandle$Holder.invokeSpecial(java.lang.Object, java.lang.Object, java.lang.Object)'> (0x000000071dee6eb8) 
thrown [src/hotspot/share/interpreter/linkResolver.cpp, line 759]
Event: 0,736 Thread 0x00007c7dbc82e2a0 Exception <a 'java/lang/NoClassDefFoundError'{0x000000071df3c288}: jakarta/validation/Validation> (0x000000071df3c288) 
thrown [src/hotspot/share/classfile/systemDictionary.cpp, line 245]
Event: 0,736 Thread 0x00007c7dbc029a10 Exception <a 'java/lang/IncompatibleClassChangeError'{0x000000071df4a238}: Found class java.lang.Object, but interface was expected> (0x000000071df4a238) 
thrown [src/hotspot/share/interpreter/linkResolver.cpp, line 826]
Event: 0,791 Thread 0x00007c7dbc029a10 Exception <a 'java/lang/NoSuchMethodError'{0x000000071eb698d0}: 'java.lang.Object java.lang.invoke.DirectMethodHandle$Holder.invokeStatic(java.lang.Object, int, java.lang.Object)'> (0x000000071eb698d0) 
thrown [src/hotspot/share/interpreter/linkResolver.cpp, line 759]
Event: 0,885 Thread 0x00007c7dbc029a10 Exception <a 'java/lang/NoSuchMethodError'{0x000000071db26df0}: 'int java.lang.invoke.DirectMethodHandle$Holder.invokeSpecial(java.lang.Object, java.lang.Object, java.lang.Object, java.lang.Object, java.lang.Object)'> (0x000000071db26df0) 
thrown [src/hotspot/share/interpreter/linkResolver.cpp, line 759]
Event: 0,886 Thread 0x00007c7dbc029a10 Exception <a 'java/lang/NoSuchMethodError'{0x000000071db2f880}: 'void java.lang.invoke.DirectMethodHandle$Holder.invokeVirtual(java.lang.Object, java.lang.Object)'> (0x000000071db2f880) 
thrown [src/hotspot/share/interpreter/linkResolver.cpp, line 759]
Event: 0,899 Thread 0x00007c7dbc82e2a0 Exception <a 'java/lang/NoSuchMethodError'{0x000000071d600078}: 'long java.lang.invoke.DirectMethodHandle$Holder.invokeSpecial(java.lang.Object, java.lang.Object)'> (0x000000071d600078) 
thrown [src/hotspot/share/interpreter/linkResolver.cpp, line 759]
Event: 0,900 Thread 0x00007c7dbc82e2a0 Exception <a 'java/lang/NoSuchMethodError'{0x000000071d60ac20}: 'long java.lang.invoke.DirectMethodHandle$Holder.invokeStaticInit(java.lang.Object, java.lang.Object)'> (0x000000071d60ac20) 
thrown [src/hotspot/share/interpreter/linkResolver.cpp, line 759]
Event: 0,901 Thread 0x00007c7dbc82e2a0 Exception <a 'java/lang/NoSuchMethodError'{0x000000071d618520}: 'long java.lang.invoke.DirectMethodHandle$Holder.invokeInterface(java.lang.Object, java.lang.Object)'> (0x000000071d618520) 
thrown [src/hotspot/share/interpreter/linkResolver.cpp, line 759]
Event: 0,901 Thread 0x00007c7dbc82e2a0 Exception <a 'java/lang/IncompatibleClassChangeError'{0x000000071d61b808}: Found class java.lang.Object, but interface was expected> (0x000000071d61b808) 
thrown [src/hotspot/share/interpreter/linkResolver.cpp, line 826]
Event: 0,904 Thread 0x00007c7dbc82e2a0 Exception <a 'java/lang/NoSuchMethodError'{0x000000071d635fc0}: 'java.lang.Object java.lang.invoke.DirectMethodHandle$Holder.invokeVirtual(java.lang.Object, java.lang.Object, java.lang.Object, java.lang.Object)'> (0x000000071d635fc0) 
thrown [src/hotspot/share/interpreter/linkResolver.cpp, line 759]
Event: 1,008 Thread 0x00007c7dbc029a10 Exception <a 'java/lang/IncompatibleClassChangeError'{0x000000071cabd810}: Found class java.lang.Object, but interface was expected> (0x000000071cabd810) 
thrown [src/hotspot/share/interpreter/linkResolver.cpp, line 826]
Event: 1,170 Thread 0x00007c7cec0030d0 Exception <a 'java/lang/reflect/InvocationTargetException'{0x000000071beaa670}> (0x000000071beaa670) 
thrown [src/hotspot/share/runtime/reflection.cpp, line 1121]
Event: 1,175 Thread 0x00007c7cec0030d0 Exception <a 'java/lang/NoSuchMethodError'{0x000000071bed42e8}: static [Ljava/lang/StackTraceElement;.<clinit>()V> (0x000000071bed42e8) 
thrown [src/hotspot/share/prims/jni.cpp, line 1107]

VM Operations (20 events):
Event: 0,637 Executing VM operation: HandshakeAllThreads
Event: 0,637 Executing VM operation: HandshakeAllThreads done
Event: 0,726 Executing VM operation: HandshakeAllThreads
Event: 0,726 Executing VM operation: HandshakeAllThreads done
Event: 0,728 Executing VM operation: HandshakeAllThreads
Event: 0,728 Executing VM operation: HandshakeAllThreads done
Event: 0,730 Executing VM operation: ICBufferFull
Event: 0,730 Executing VM operation: ICBufferFull done
Event: 0,740 Executing VM operation: HandshakeAllThreads
Event: 0,740 Executing VM operation: HandshakeAllThreads done
Event: 0,759 Executing VM operation: G1CollectForAllocation
Event: 0,764 Executing VM operation: G1CollectForAllocation done
Event: 0,849 Executing VM operation: HandshakeAllThreads
Event: 0,849 Executing VM operation: HandshakeAllThreads done
Event: 0,874 Executing VM operation: HandshakeAllThreads
Event: 0,874 Executing VM operation: HandshakeAllThreads done
Event: 0,934 Executing VM operation: HandshakeAllThreads
Event: 0,934 Executing VM operation: HandshakeAllThreads done
Event: 1,083 Executing VM operation: ICBufferFull
Event: 1,083 Executing VM operation: ICBufferFull done

Events (20 events):
Event: 0,977 Thread 0x00007c7dbc92c870 Thread added: 0x00007c7dbc92c870
Event: 0,977 Protecting memory [0x00007c7da02fe000,0x00007c7da0302000] with protection modes 0
Event: 0,984 loading class javax/naming/ldap/LdapContext
Event: 0,984 loading class javax/naming/directory/DirContext
Event: 0,984 loading class javax/naming/directory/DirContext done
Event: 0,984 loading class javax/naming/ldap/LdapContext done
Event: 0,991 Thread 0x00007c7dbc92c870 Thread exited: 0x00007c7dbc92c870
Event: 1,110 loading class java/beans/PropertyVetoException
Event: 1,110 loading class java/beans/PropertyVetoException done
Event: 1,165 Thread 0x00007c7ce009ece0 Thread added: 0x00007c7ce009ece0
Event: 1,166 Protecting memory [0x00007c7da02fe000,0x00007c7da0302000] with protection modes 0
Event: 1,171 loading class java/io/PrintWriter
Event: 1,171 loading class java/io/PrintWriter done
Event: 1,171 loading class java/lang/Throwable$PrintStreamOrWriter
Event: 1,171 loading class java/lang/Throwable$PrintStreamOrWriter done
Event: 1,178 loading class java/rmi/AccessException
Event: 1,178 loading class java/rmi/AccessException done
Event: 1,182 loading class java/rmi/server/UnicastRemoteObject
Event: 1,182 Thread 0x00007c7ce009ece0 Thread exited: 0x00007c7ce009ece0
Event: 1,182 loading class java/rmi/server/UnicastRemoteObject done


Dynamic libraries:
710000000-71f000000 rw-p 00000000 00:00 0 
71f000000-7ffc00000 ---p 00000000 00:00 0 
7ffc00000-7ffd00000 rw-p 00000000 00:00 0 
7ffd00000-7ffd75000 rw-p 00c75000 103:05 1613713                         /usr/lib/jvm/java-17-amazon-corretto/lib/server/classes.jsa
7ffd75000-7ffe00000 rw-p 00000000 00:00 0 
7ffe00000-7ffe77000 rw-p 00bfe000 103:05 1613713                         /usr/lib/jvm/java-17-amazon-corretto/lib/server/classes.jsa
7ffe77000-800000000 rw-p 00000000 00:00 0 
5d97b5c00000-5d97b5c01000 r-xp 00000000 103:05 1613958                   /usr/lib/jvm/java-17-amazon-corretto/bin/java
5d97b5e01000-5d97b5e02000 r--p 00001000 103:05 1613958                   /usr/lib/jvm/java-17-amazon-corretto/bin/java
5d97b5e02000-5d97b5e03000 rw-p 00002000 103:05 1613958                   /usr/lib/jvm/java-17-amazon-corretto/bin/java
5d97b791f000-5d97b7969000 rw-p 00000000 00:00 0                          [heap]
7c7c9c000000-7c7c9c021000 rw-p 00000000 00:00 0 
7c7c9c021000-7c7ca0000000 ---p 00000000 00:00 0 
7c7ca4000000-7c7ca4021000 rw-p 00000000 00:00 0 
7c7ca4021000-7c7ca8000000 ---p 00000000 00:00 0 
7c7ca8000000-7c7ca8204000 rw-p 00000000 00:00 0 
7c7ca8204000-7c7cac000000 ---p 00000000 00:00 0 
7c7cb0000000-7c7cb0021000 rw-p 00000000 00:00 0 
7c7cb0021000-7c7cb4000000 ---p 00000000 00:00 0 
7c7cb4000000-7c7cb4021000 rw-p 00000000 00:00 0 
7c7cb4021000-7c7cb8000000 ---p 00000000 00:00 0 
7c7cbc000000-7c7cbc021000 rw-p 00000000 00:00 0 
7c7cbc021000-7c7cc0000000 ---p 00000000 00:00 0 
7c7cc0000000-7c7cc0021000 rw-p 00000000 00:00 0 
7c7cc0021000-7c7cc4000000 ---p 00000000 00:00 0 
7c7cc8000000-7c7cc8021000 rw-p 00000000 00:00 0 
7c7cc8021000-7c7ccc000000 ---p 00000000 00:00 0 
7c7ccc000000-7c7ccc048000 rw-p 00000000 00:00 0 
7c7ccc048000-7c7cd0000000 ---p 00000000 00:00 0 
7c7cd4000000-7c7cd4021000 rw-p 00000000 00:00 0 
7c7cd4021000-7c7cd8000000 ---p 00000000 00:00 0 
7c7cd8000000-7c7cd8021000 rw-p 00000000 00:00 0 
7c7cd8021000-7c7cdc000000 ---p 00000000 00:00 0 
7c7ce0000000-7c7ce00a6000 rw-p 00000000 00:00 0 
7c7ce00a6000-7c7ce4000000 ---p 00000000 00:00 0 
7c7ce4000000-7c7ce4021000 rw-p 00000000 00:00 0 
7c7ce4021000-7c7ce8000000 ---p 00000000 00:00 0 
7c7cec000000-7c7cec021000 rw-p 00000000 00:00 0 
7c7cec021000-7c7cf0000000 ---p 00000000 00:00 0 
7c7cf0000000-7c7cf0021000 rw-p 00000000 00:00 0 
7c7cf0021000-7c7cf4000000 ---p 00000000 00:00 0 
7c7cf8000000-7c7cf8021000 rw-p 00000000 00:00 0 
7c7cf8021000-7c7cfc000000 ---p 00000000 00:00 0 
7c7cfc000000-7c7cfc036000 rw-p 00000000 00:00 0 
7c7cfc036000-7c7d00000000 ---p 00000000 00:00 0 
7c7d04000000-7c7d040d5000 rw-p 00000000 00:00 0 
7c7d040d5000-7c7d08000000 ---p 00000000 00:00 0 
7c7d08000000-7c7d080ba000 rw-p 00000000 00:00 0 
7c7d080ba000-7c7d0c000000 ---p 00000000 00:00 0 
7c7d10000000-7c7d10021000 rw-p 00000000 00:00 0 
7c7d10021000-7c7d14000000 ---p 00000000 00:00 0 
7c7d14000000-7c7d14021000 rw-p 00000000 00:00 0 
7c7d14021000-7c7d18000000 ---p 00000000 00:00 0 
7c7d1c000000-7c7d1c1de000 rw-p 00000000 00:00 0 
7c7d1c1de000-7c7d20000000 ---p 00000000 00:00 0 
7c7d20000000-7c7d20021000 rw-p 00000000 00:00 0 
7c7d20021000-7c7d24000000 ---p 00000000 00:00 0 
7c7d28000000-7c7d28021000 rw-p 00000000 00:00 0 
7c7d28021000-7c7d2c000000 ---p 00000000 00:00 0 
7c7d2c000000-7c7d2c021000 rw-p 00000000 00:00 0 
7c7d2c021000-7c7d30000000 ---p 00000000 00:00 0 
7c7d34000000-7c7d34021000 rw-p 00000000 00:00 0 
7c7d34021000-7c7d38000000 ---p 00000000 00:00 0 
7c7d38000000-7c7d38021000 rw-p 00000000 00:00 0 
7c7d38021000-7c7d3c000000 ---p 00000000 00:00 0 
7c7d40000000-7c7d40021000 rw-p 00000000 00:00 0 
7c7d40021000-7c7d44000000 ---p 00000000 00:00 0 
7c7d47000000-7c7d473f0000 rw-p 00000000 00:00 0 
7c7d473f0000-7c7d474f0000 rw-p 00000000 00:00 0 
7c7d474f0000-7c7d475f0000 rw-p 00000000 00:00 0 
7c7d475f0000-7c7d47770000 rw-p 00000000 00:00 0 
7c7d47770000-7c7d477f0000 rw-p 00000000 00:00 0 
7c7d477f0000-7c7d47bb0000 rw-p 00000000 00:00 0 
7c7d47bb0000-7c7d47bf0000 rw-p 00000000 00:00 0 
7c7d47bf0000-7c7d47f70000 rw-p 00000000 00:00 0 
7c7d47f70000-7c7d47fb0000 rw-p 00000000 00:00 0 
7c7d47fb0000-7c7d48000000 ---p 00000000 00:00 0 
7c7d48000000-7c7d48260000 rw-p 00000000 00:00 0 
7c7d48260000-7c7d4b000000 ---p 00000000 00:00 0 
7c7d4b000000-7c7d4bbc6000 rw-p 00001000 103:05 1613713                   /usr/lib/jvm/java-17-amazon-corretto/lib/server/classes.jsa
7c7d4bbc6000-7c7d4c000000 ---p 00000000 00:00 0 
7c7d4c000000-7c7d4c010000 rw-p 00000000 00:00 0 
7c7d4c010000-7c7d4c030000 rw-p 00000000 00:00 0 
7c7d4c030000-7c7d4c0b0000 rw-p 00000000 00:00 0 
7c7d4c0b0000-7c7d4c170000 rw-p 00000000 00:00 0 
7c7d4c170000-7c7d4c180000 ---p 00000000 00:00 0 
7c7d4c180000-7c7d4c300000 rw-p 00000000 00:00 0 
7c7d4c300000-7c7d8c000000 ---p 00000000 00:00 0 
7c7d8c000000-7c7d8c021000 rw-p 00000000 00:00 0 
7c7d8c021000-7c7d90000000 ---p 00000000 00:00 0 
7c7d90000000-7c7d90021000 rw-p 00000000 00:00 0 
7c7d90021000-7c7d94000000 ---p 00000000 00:00 0 
7c7d94400000-7c7d94692000 rw-p 00000000 00:00 0 
7c7d94800000-7c7d94805000 r-xp 00000000 103:05 1613884                   /usr/lib/jvm/java-17-amazon-corretto/lib/libmanagement_ext.so
7c7d94805000-7c7d94a05000 ---p 00005000 103:05 1613884                   /usr/lib/jvm/java-17-amazon-corretto/lib/libmanagement_ext.so
7c7d94a05000-7c7d94a06000 r--p 00005000 103:05 1613884                   /usr/lib/jvm/java-17-amazon-corretto/lib/libmanagement_ext.so
7c7d94a06000-7c7d94a07000 rw-p 00000000 00:00 0 
7c7d94e00000-7c7d94e04000 r-xp 00000000 103:05 1613729                   /usr/lib/jvm/java-17-amazon-corretto/lib/libmanagement.so
7c7d94e04000-7c7d95003000 ---p 00004000 103:05 1613729                   /usr/lib/jvm/java-17-amazon-corretto/lib/libmanagement.so
7c7d95003000-7c7d95004000 r--p 00003000 103:05 1613729                   /usr/lib/jvm/java-17-amazon-corretto/lib/libmanagement.so
7c7d95004000-7c7d95005000 rw-p 00000000 00:00 0 
7c7d95400000-7c7d97e90000 r--p 00000000 103:05 1446831                   /usr/lib/locale/locale-archive
7c7d97eaa000-7c7d98000000 rw-p 00000000 00:00 0 
7c7d98000000-7c7d98021000 rw-p 00000000 00:00 0 
7c7d98021000-7c7d9c000000 ---p 00000000 00:00 0 
7c7d9c000000-7c7d9c021000 rw-p 00000000 00:00 0 
7c7d9c021000-7c7da0000000 ---p 00000000 00:00 0 
7c7da00fc000-7c7da00fd000 ---p 00000000 00:00 0 
7c7da00fd000-7c7da01fd000 rw-p 00000000 00:00 0 
7c7da01fd000-7c7da01fe000 ---p 00000000 00:00 0 
7c7da01fe000-7c7da02fe000 rw-p 00000000 00:00 0 
7c7da02fe000-7c7da0302000 ---p 00000000 00:00 0 
7c7da0302000-7c7da03fe000 rw-p 00000000 00:00 0 
7c7da03fe000-7c7da03ff000 ---p 00000000 00:00 0 
7c7da03ff000-7c7da04ff000 rw-p 00000000 00:00 0 
7c7da04ff000-7c7da0500000 ---p 00000000 00:00 0 
7c7da0500000-7c7da0600000 rw-p 00000000 00:00 0 
7c7da0600000-7c7da0602000 r-xp 00000000 103:05 1613886                   /usr/lib/jvm/java-17-amazon-corretto/lib/libextnet.so
7c7da0602000-7c7da0801000 ---p 00002000 103:05 1613886                   /usr/lib/jvm/java-17-amazon-corretto/lib/libextnet.so
7c7da0801000-7c7da0802000 r--p 00001000 103:05 1613886                   /usr/lib/jvm/java-17-amazon-corretto/lib/libextnet.so
7c7da0802000-7c7da0803000 rw-p 00000000 00:00 0 
7c7da08fd000-7c7da08fe000 ---p 00000000 00:00 0 
7c7da08fe000-7c7da09fe000 rw-p 00000000 00:00 0 
7c7da09fe000-7c7da09ff000 ---p 00000000 00:00 0 
7c7da09ff000-7c7da0aff000 rw-p 00000000 00:00 0 
7c7da0aff000-7c7da0b00000 ---p 00000000 00:00 0 
7c7da0b00000-7c7da0c00000 rw-p 00000000 00:00 0 
7c7da0c00000-7c7da0c15000 r-xp 00000000 103:05 1613704                   /usr/lib/jvm/java-17-amazon-corretto/lib/libnet.so
7c7da0c15000-7c7da0e14000 ---p 00015000 103:05 1613704                   /usr/lib/jvm/java-17-amazon-corretto/lib/libnet.so
7c7da0e14000-7c7da0e15000 r--p 00014000 103:05 1613704                   /usr/lib/jvm/java-17-amazon-corretto/lib/libnet.so
7c7da0e15000-7c7da0e16000 rw-p 00015000 103:05 1613704                   /usr/lib/jvm/java-17-amazon-corretto/lib/libnet.so
7c7da0f00000-7c7da0f04000 ---p 00000000 00:00 0 
7c7da0f04000-7c7da1000000 rw-p 00000000 00:00 0 
7c7da1000000-7c7da1004000 ---p 00000000 00:00 0 
7c7da1004000-7c7da1100000 rw-p 00000000 00:00 0 
7c7da1100000-7c7da1104000 ---p 00000000 00:00 0 
7c7da1104000-7c7da1200000 rw-p 00000000 00:00 0 
7c7da1200000-7c7da1212000 r-xp 00000000 103:05 1613705                   /usr/lib/jvm/java-17-amazon-corretto/lib/libnio.so
7c7da1212000-7c7da1411000 ---p 00012000 103:05 1613705                   /usr/lib/jvm/java-17-amazon-corretto/lib/libnio.so
7c7da1411000-7c7da1412000 r--p 00011000 103:05 1613705                   /usr/lib/jvm/java-17-amazon-corretto/lib/libnio.so
7c7da1412000-7c7da1413000 rw-p 00012000 103:05 1613705                   /usr/lib/jvm/java-17-amazon-corretto/lib/libnio.so
7c7da14ff000-7c7da1503000 ---p 00000000 00:00 0 
7c7da1503000-7c7da15ff000 rw-p 00000000 00:00 0 
7c7da15ff000-7c7da1600000 ---p 00000000 00:00 0 
7c7da1600000-7c7da1700000 rw-p 00000000 00:00 0 
7c7da1700000-7c7da1704000 ---p 00000000 00:00 0 
7c7da1704000-7c7da1800000 rw-p 00000000 00:00 0 
7c7da1800000-7c7da1807000 r-xp 00000000 103:05 1613707                   /usr/lib/jvm/java-17-amazon-corretto/lib/libzip.so
7c7da1807000-7c7da1a07000 ---p 00007000 103:05 1613707                   /usr/lib/jvm/java-17-amazon-corretto/lib/libzip.so
7c7da1a07000-7c7da1a08000 r--p 00007000 103:05 1613707                   /usr/lib/jvm/java-17-amazon-corretto/lib/libzip.so
7c7da1a08000-7c7da1a09000 rw-p 00000000 00:00 0 
7c7da1b00000-7c7da1b04000 ---p 00000000 00:00 0 
7c7da1b04000-7c7da1c00000 rw-p 00000000 00:00 0 
7c7da1c00000-7c7da1c04000 ---p 00000000 00:00 0 
7c7da1c04000-7c7da1d00000 rw-p 00000000 00:00 0 
7c7da1d00000-7c7da1d04000 ---p 00000000 00:00 0 
7c7da1d04000-7c7da1e00000 rw-p 00000000 00:00 0 
7c7da1e00000-7c7da1e04000 ---p 00000000 00:00 0 
7c7da1e04000-7c7da1f00000 rw-p 00000000 00:00 0 
7c7da1f00000-7c7da1f04000 ---p 00000000 00:00 0 
7c7da1f04000-7c7da2000000 rw-p 00000000 00:00 0 
7c7da2000000-7c7da4000000 rw-p 00000000 00:00 0 
7c7da4000000-7c7da4021000 rw-p 00000000 00:00 0 
7c7da4021000-7c7da8000000 ---p 00000000 00:00 0 
7c7da8000000-7c7da8004000 ---p 00000000 00:00 0 
7c7da8004000-7c7da8100000 rw-p 00000000 00:00 0 
7c7da8100000-7c7da8104000 ---p 00000000 00:00 0 
7c7da8104000-7c7da8200000 rw-p 00000000 00:00 0 
7c7da8200000-7c7da8204000 ---p 00000000 00:00 0 
7c7da8204000-7c7da8300000 rw-p 00000000 00:00 0 
7c7da8300000-7c7da8304000 ---p 00000000 00:00 0 
7c7da8304000-7c7da8400000 rw-p 00000000 00:00 0 
7c7da8400000-7c7da8404000 ---p 00000000 00:00 0 
7c7da8404000-7c7da8500000 rw-p 00000000 00:00 0 
7c7da8500000-7c7da8504000 ---p 00000000 00:00 0 
7c7da8504000-7c7da8600000 rw-p 00000000 00:00 0 
7c7da8600000-7c7da86ce000 r-xp 00000000 103:05 1613878                   /usr/lib/jvm/java-17-amazon-corretto/lib/libjsvml.so
7c7da86ce000-7c7da88cd000 ---p 000ce000 103:05 1613878                   /usr/lib/jvm/java-17-amazon-corretto/lib/libjsvml.so
7c7da88cd000-7c7da88ce000 r--p 000cd000 103:05 1613878                   /usr/lib/jvm/java-17-amazon-corretto/lib/libjsvml.so
7c7da88ce000-7c7da88cf000 rw-p 000ce000 103:05 1613878                   /usr/lib/jvm/java-17-amazon-corretto/lib/libjsvml.so
7c7da88f7000-7c7da88fb000 ---p 00000000 00:00 0 
7c7da88fb000-7c7da89f7000 rw-p 00000000 00:00 0 
7c7da89f7000-7c7da89fb000 ---p 00000000 00:00 0 
7c7da89fb000-7c7da8af7000 rw-p 00000000 00:00 0 
7c7da8af7000-7c7da8af8000 ---p 00000000 00:00 0 
7c7da8af8000-7c7da8bf8000 rw-p 00000000 00:00 0 
7c7da8bf8000-7c7da8bf9000 ---p 00000000 00:00 0 
7c7da8bf9000-7c7da8cf9000 rw-p 00000000 00:00 0 
7c7da8cf9000-7c7da8cfa000 ---p 00000000 00:00 0 
7c7da8cfa000-7c7da8dfa000 rw-p 00000000 00:00 0 
7c7da8dfa000-7c7da97c0000 rw-p 00000000 00:00 0 
7c7da97c0000-7c7dacff0000 ---p 00000000 00:00 0 
7c7dacff0000-7c7dad3c0000 rw-p 00000000 00:00 0 
7c7dad3c0000-7c7db0bf0000 ---p 00000000 00:00 0 
7c7db0bf0000-7c7db0c78000 rw-p 00000000 00:00 0 
7c7db0c78000-7c7db137e000 ---p 00000000 00:00 0 
7c7db137e000-7c7db1380000 rw-p 00000000 00:00 0 
7c7db1400000-7c7db1b40000 rwxp 00000000 00:00 0 
7c7db1b40000-7c7db4400000 ---p 00000000 00:00 0 
7c7db4400000-7c7dbbfa8000 r--s 00000000 103:05 1613694                   /usr/lib/jvm/java-17-amazon-corretto/lib/modules
7c7dbc000000-7c7dbcaaa000 rw-p 00000000 00:00 0 
7c7dbcaaa000-7c7dc0000000 ---p 00000000 00:00 0 
7c7dc00fd000-7c7dc0478000 rw-p 00000000 00:00 0 
7c7dc0478000-7c7dc0b7e000 ---p 00000000 00:00 0 
7c7dc0b7e000-7c7dc0b80000 rw-p 00000000 00:00 0 
7c7dc0c00000-7c7dc0c78000 rw-p 00000000 00:00 0 
7c7dc0c78000-7c7dc137e000 ---p 00000000 00:00 0 
7c7dc137e000-7c7dc1380000 rw-p 00000000 00:00 0 
7c7dc1400000-7c7dc1424000 r-xp 00000000 103:05 1613700                   /usr/lib/jvm/java-17-amazon-corretto/lib/libjava.so
7c7dc1424000-7c7dc1624000 ---p 00024000 103:05 1613700                   /usr/lib/jvm/java-17-amazon-corretto/lib/libjava.so
7c7dc1624000-7c7dc1625000 r--p 00024000 103:05 1613700                   /usr/lib/jvm/java-17-amazon-corretto/lib/libjava.so
7c7dc1625000-7c7dc1626000 rw-p 00025000 103:05 1613700                   /usr/lib/jvm/java-17-amazon-corretto/lib/libjava.so
7c7dc1626000-7c7dc1627000 rw-p 00000000 00:00 0 
7c7dc16fd000-7c7dc17fe000 rw-p 00000000 00:00 0 
7c7dc17fe000-7c7dc17ff000 ---p 00000000 00:00 0 
7c7dc17ff000-7c7dc18ff000 rw-p 00000000 00:00 0 
7c7dc18ff000-7c7dc1900000 ---p 00000000 00:00 0 
7c7dc1900000-7c7dc1a00000 rw-p 00000000 00:00 0 
7c7dc1a00000-7c7dc1a0a000 r-xp 00000000 103:05 1613728                   /usr/lib/jvm/java-17-amazon-corretto/lib/libinstrument.so
7c7dc1a0a000-7c7dc1c09000 ---p 0000a000 103:05 1613728                   /usr/lib/jvm/java-17-amazon-corretto/lib/libinstrument.so
7c7dc1c09000-7c7dc1c0a000 r--p 00009000 103:05 1613728                   /usr/lib/jvm/java-17-amazon-corretto/lib/libinstrument.so
7c7dc1c0a000-7c7dc1c0b000 rw-p 0000a000 103:05 1613728                   /usr/lib/jvm/java-17-amazon-corretto/lib/libinstrument.so
7c7dc1cfd000-7c7dc1cfe000 ---p 00000000 00:00 0 
7c7dc1cfe000-7c7dc1dfe000 rw-p 00000000 00:00 0 
7c7dc1dfe000-7c7dc2000000 rw-p 00000000 00:00 0 
7c7dc2000000-7c7dc201b000 r-xp 00000000 103:05 1613701                   /usr/lib/jvm/java-17-amazon-corretto/lib/libjimage.so
7c7dc201b000-7c7dc221a000 ---p 0001b000 103:05 1613701                   /usr/lib/jvm/java-17-amazon-corretto/lib/libjimage.so
7c7dc221a000-7c7dc221c000 r--p 0001a000 103:05 1613701                   /usr/lib/jvm/java-17-amazon-corretto/lib/libjimage.so
7c7dc221c000-7c7dc221d000 rw-p 0001c000 103:05 1613701                   /usr/lib/jvm/java-17-amazon-corretto/lib/libjimage.so
7c7dc22fd000-7c7dc2600000 rw-p 00000000 00:00 0 
7c7dc2600000-7c7dc38bd000 r-xp 00000000 103:05 1613711                   /usr/lib/jvm/java-17-amazon-corretto/lib/server/libjvm.so
7c7dc38bd000-7c7dc3abc000 ---p 012bd000 103:05 1613711                   /usr/lib/jvm/java-17-amazon-corretto/lib/server/libjvm.so
7c7dc3abc000-7c7dc3b75000 r--p 012bc000 103:05 1613711                   /usr/lib/jvm/java-17-amazon-corretto/lib/server/libjvm.so
7c7dc3b75000-7c7dc3baa000 rw-p 01375000 103:05 1613711                   /usr/lib/jvm/java-17-amazon-corretto/lib/server/libjvm.so
7c7dc3baa000-7c7dc3c04000 rw-p 00000000 00:00 0 
7c7dc3c7c000-7c7dc4000000 rw-p 00000000 00:00 0 
7c7dc4000000-7c7dc4028000 r--p 00000000 103:05 1444722                   /usr/lib/x86_64-linux-gnu/libc.so.6
7c7dc4028000-7c7dc41bd000 r-xp 00028000 103:05 1444722                   /usr/lib/x86_64-linux-gnu/libc.so.6
7c7dc41bd000-7c7dc4215000 r--p 001bd000 103:05 1444722                   /usr/lib/x86_64-linux-gnu/libc.so.6
7c7dc4215000-7c7dc4216000 ---p 00215000 103:05 1444722                   /usr/lib/x86_64-linux-gnu/libc.so.6
7c7dc4216000-7c7dc421a000 r--p 00215000 103:05 1444722                   /usr/lib/x86_64-linux-gnu/libc.so.6
7c7dc421a000-7c7dc421c000 rw-p 00219000 103:05 1444722                   /usr/lib/x86_64-linux-gnu/libc.so.6
7c7dc421c000-7c7dc4229000 rw-p 00000000 00:00 0 
7c7dc422c000-7c7dc42c8000 rw-p 00000000 00:00 0 
7c7dc42d1000-7c7dc42ff000 r--p 00000000 103:05 1730629                   /usr/share/locale-langpack/ru/LC_MESSAGES/libc.mo
7c7dc42ff000-7c7dc4400000 rw-p 00000000 00:00 0 
7c7dc4400000-7c7dc440f000 r-xp 00000000 103:05 1613702                   /usr/lib/jvm/java-17-amazon-corretto/lib/libjli.so
7c7dc440f000-7c7dc460e000 ---p 0000f000 103:05 1613702                   /usr/lib/jvm/java-17-amazon-corretto/lib/libjli.so
7c7dc460e000-7c7dc460f000 r--p 0000e000 103:05 1613702                   /usr/lib/jvm/java-17-amazon-corretto/lib/libjli.so
7c7dc460f000-7c7dc4610000 rw-p 0000f000 103:05 1613702                   /usr/lib/jvm/java-17-amazon-corretto/lib/libjli.so
7c7dc4628000-7c7dc462f000 r--s 00000000 103:05 1448247                   /usr/lib/x86_64-linux-gnu/gconv/gconv-modules.cache
7c7dc462f000-7c7dc47bb000 rw-p 00000000 00:00 0 
7c7dc47bb000-7c7dc480c000 ---p 00000000 00:00 0 
7c7dc480c000-7c7dc4810000 ---p 00000000 00:00 0 
7c7dc4810000-7c7dc490c000 rw-p 00000000 00:00 0 
7c7dc490c000-7c7dc491a000 r--p 00000000 103:05 1444725                   /usr/lib/x86_64-linux-gnu/libm.so.6
7c7dc491a000-7c7dc4996000 r-xp 0000e000 103:05 1444725                   /usr/lib/x86_64-linux-gnu/libm.so.6
7c7dc4996000-7c7dc49f1000 r--p 0008a000 103:05 1444725                   /usr/lib/x86_64-linux-gnu/libm.so.6
7c7dc49f1000-7c7dc49f2000 r--p 000e4000 103:05 1444725                   /usr/lib/x86_64-linux-gnu/libm.so.6
7c7dc49f2000-7c7dc49f3000 rw-p 000e5000 103:05 1444725                   /usr/lib/x86_64-linux-gnu/libm.so.6
7c7dc49f3000-7c7dc49f4000 r--p 00000000 103:05 1446686                   /usr/lib/x86_64-linux-gnu/librt.so.1
7c7dc49f4000-7c7dc49f5000 r-xp 00001000 103:05 1446686                   /usr/lib/x86_64-linux-gnu/librt.so.1
7c7dc49f5000-7c7dc49f6000 r--p 00002000 103:05 1446686                   /usr/lib/x86_64-linux-gnu/librt.so.1
7c7dc49f6000-7c7dc49f7000 r--p 00002000 103:05 1446686                   /usr/lib/x86_64-linux-gnu/librt.so.1
7c7dc49f7000-7c7dc49f8000 rw-p 00003000 103:05 1446686                   /usr/lib/x86_64-linux-gnu/librt.so.1
7c7dc49f8000-7c7dc49fc000 rw-p 00000000 00:00 0 
7c7dc49fc000-7c7dc49fd000 r--p 00000000 103:05 1444724                   /usr/lib/x86_64-linux-gnu/libdl.so.2
7c7dc49fd000-7c7dc49fe000 r-xp 00001000 103:05 1444724                   /usr/lib/x86_64-linux-gnu/libdl.so.2
7c7dc49fe000-7c7dc49ff000 r--p 00002000 103:05 1444724                   /usr/lib/x86_64-linux-gnu/libdl.so.2
7c7dc49ff000-7c7dc4a00000 r--p 00002000 103:05 1444724                   /usr/lib/x86_64-linux-gnu/libdl.so.2
7c7dc4a00000-7c7dc4a01000 rw-p 00003000 103:05 1444724                   /usr/lib/x86_64-linux-gnu/libdl.so.2
7c7dc4a01000-7c7dc4a02000 r--p 00000000 103:05 1446683                   /usr/lib/x86_64-linux-gnu/libpthread.so.0
7c7dc4a02000-7c7dc4a03000 r-xp 00001000 103:05 1446683                   /usr/lib/x86_64-linux-gnu/libpthread.so.0
7c7dc4a03000-7c7dc4a04000 r--p 00002000 103:05 1446683                   /usr/lib/x86_64-linux-gnu/libpthread.so.0
7c7dc4a04000-7c7dc4a05000 r--p 00002000 103:05 1446683                   /usr/lib/x86_64-linux-gnu/libpthread.so.0
7c7dc4a05000-7c7dc4a06000 rw-p 00003000 103:05 1446683                   /usr/lib/x86_64-linux-gnu/libpthread.so.0
7c7dc4a06000-7c7dc4a08000 r--p 00000000 103:05 1462959                   /usr/lib/x86_64-linux-gnu/libz.so.1.2.11
7c7dc4a08000-7c7dc4a19000 r-xp 00002000 103:05 1462959                   /usr/lib/x86_64-linux-gnu/libz.so.1.2.11
7c7dc4a19000-7c7dc4a1f000 r--p 00013000 103:05 1462959                   /usr/lib/x86_64-linux-gnu/libz.so.1.2.11
7c7dc4a1f000-7c7dc4a20000 ---p 00019000 103:05 1462959                   /usr/lib/x86_64-linux-gnu/libz.so.1.2.11
7c7dc4a20000-7c7dc4a21000 r--p 00019000 103:05 1462959                   /usr/lib/x86_64-linux-gnu/libz.so.1.2.11
7c7dc4a21000-7c7dc4a22000 rw-p 0001a000 103:05 1462959                   /usr/lib/x86_64-linux-gnu/libz.so.1.2.11
7c7dc4a28000-7c7dc4a29000 r--p 00000000 103:05 1462357                   /usr/lib/x86_64-linux-gnu/libnss_mdns4_minimal.so.2
7c7dc4a29000-7c7dc4a2b000 r-xp 00001000 103:05 1462357                   /usr/lib/x86_64-linux-gnu/libnss_mdns4_minimal.so.2
7c7dc4a2b000-7c7dc4a2c000 r--p 00003000 103:05 1462357                   /usr/lib/x86_64-linux-gnu/libnss_mdns4_minimal.so.2
7c7dc4a2c000-7c7dc4a2d000 r--p 00003000 103:05 1462357                   /usr/lib/x86_64-linux-gnu/libnss_mdns4_minimal.so.2
7c7dc4a2d000-7c7dc4a2e000 rw-p 00004000 103:05 1462357                   /usr/lib/x86_64-linux-gnu/libnss_mdns4_minimal.so.2
7c7dc4a2e000-7c7dc4a36000 rw-s 00000000 103:05 3439880                   /tmp/hsperfdata_vladimirkapyrin/66446
7c7dc4a36000-7c7dc4a37000 ---p 00000000 00:00 0 
7c7dc4a37000-7c7dc4a38000 r--p 00000000 00:00 0 
7c7dc4a38000-7c7dc4a3a000 rw-p 00000000 00:00 0 
7c7dc4a3a000-7c7dc4a3c000 r--p 00000000 103:05 1444719                   /usr/lib/x86_64-linux-gnu/ld-linux-x86-64.so.2
7c7dc4a3c000-7c7dc4a66000 r-xp 00002000 103:05 1444719                   /usr/lib/x86_64-linux-gnu/ld-linux-x86-64.so.2
7c7dc4a66000-7c7dc4a71000 r--p 0002c000 103:05 1444719                   /usr/lib/x86_64-linux-gnu/ld-linux-x86-64.so.2
7c7dc4a71000-7c7dc4a72000 ---p 00000000 00:00 0 
7c7dc4a72000-7c7dc4a74000 r--p 00037000 103:05 1444719                   /usr/lib/x86_64-linux-gnu/ld-linux-x86-64.so.2
7c7dc4a74000-7c7dc4a76000 rw-p 00039000 103:05 1444719                   /usr/lib/x86_64-linux-gnu/ld-linux-x86-64.so.2
7ffd6e4a1000-7ffd6e4c4000 rw-p 00000000 00:00 0                          [stack]
7ffd6e529000-7ffd6e52d000 r--p 00000000 00:00 0                          [vvar]
7ffd6e52d000-7ffd6e52f000 r-xp 00000000 00:00 0                          [vdso]
ffffffffff600000-ffffffffff601000 --xp 00000000 00:00 0                  [vsyscall]


VM Arguments:
jvm_args: -XX:TieredStopAtLevel=1 -Dspring.output.ansi.enabled=always -Dcom.sun.management.jmxremote -Dspring.jmx.enabled=true -Dspring.liveBeansView.mbeanDomain -Dspring.application.admin.enabled=true -Dmanagement.endpoints.jmx.exposure.include=* -javaagent:/home/vladimirkapyrin/.local/share/JetBrains/Toolbox/apps/intellij-idea-ultimate/lib/idea_rt.jar=32953:/home/vladimirkapyrin/.local/share/JetBrains/Toolbox/apps/intellij-idea-ultimate/bin -Dfile.encoding=UTF-8 
java_command: kapyrin.myshopspring.MyshopspringApplication
java_class_path (initial): /home/vladimirkapyrin/IdeaProjects/myshopspring/target/classes:/home/vladimirkapyrin/.m2/repository/org/springframework/boot/spring-boot-starter-thymeleaf/3.3.5/spring-boot-starter-thymeleaf-3.3.5.jar:/home/vladimirkapyrin/.m2/repository/org/springframework/boot/spring-boot-starter/3.3.5/spring-boot-starter-3.3.5.jar:/home/vladimirkapyrin/.m2/repository/org/springframework/boot/spring-boot/3.3.5/spring-boot-3.3.5.jar:/home/vladimirkapyrin/.m2/repository/org/springframework/boot/spring-boot-autoconfigure/3.3.5/spring-boot-autoconfigure-3.3.5.jar:/home/vladimirkapyrin/.m2/repository/org/springframework/boot/spring-boot-starter-logging/3.3.5/spring-boot-starter-logging-3.3.5.jar:/home/vladimirkapyrin/.m2/repository/ch/qos/logback/logback-classic/1.5.11/logback-classic-1.5.11.jar:/home/vladimirkapyrin/.m2/repository/ch/qos/logback/logback-core/1.5.11/logback-core-1.5.11.jar:/home/vladimirkapyrin/.m2/repository/org/apache/logging/log4j/log4j-to-slf4j/2.23.1/log4j-to-slf4j-2.23.1.jar:/home/vladimirkapyrin/.m2/repository/org/slf4j/jul-to-slf4j/2.0.16/jul-to-slf4j-2.0.16.jar:/home/vladimirkapyrin/.m2/repository/jakarta/annotation/jakarta.annotation-api/2.1.1/jakarta.annotation-api-2.1.1.jar:/home/vladimirkapyrin/.m2/repository/org/yaml/snakeyaml/2.2/snakeyaml-2.2.jar:/home/vladimirkapyrin/.m2/repository/org/thymeleaf/thymeleaf-spring6/3.1.2.RELEASE/thymeleaf-spring6-3.1.2.RELEASE.jar:/home/vladimirkapyrin/.m2/repository/org/thymeleaf/thymeleaf/3.1.2.RELEASE/thymeleaf-3.1.2.RELEASE.jar:/home/vladimirkapyrin/.m2/repository/org/attoparser/attoparser/2.0.7.RELEASE/attoparser-2.0.7.RELEASE.jar:/home/vladimirkapyrin/.m2/repository/org/unbescape/unbescape/1.1.6.RELEASE/unbescape-1.1.6.RELEASE.jar:/home/vladimirkapyrin/.m2/repository/org/slf4j/slf4j-api/2.0.16/slf4j-api-2.0.16.jar:/home/vladimirkapyrin/.m2/repository/org/springframework/boot/spring-boot-starter-web/3.3.5/spring-boot-starter-web-3.3.5.jar:/home/vladimirkapyrin/.m2/repository/org/springfr
Launcher Type: SUN_STANDARD

[Global flags]
     intx CICompilerCount                          = 4                                         {product} {ergonomic}
     uint ConcGCThreads                            = 3                                         {product} {ergonomic}
     uint G1ConcRefinementThreads                  = 10                                        {product} {ergonomic}
   size_t G1HeapRegionSize                         = 2097152                                   {product} {ergonomic}
    uintx GCDrainStackTargetSize                   = 64                                        {product} {ergonomic}
   size_t InitialHeapSize                          = 251658240                                 {product} {ergonomic}
     bool ManagementServer                         = true                                      {product} {command line}
   size_t MarkStackSize                            = 4194304                                   {product} {ergonomic}
   size_t MaxHeapSize                              = 4026531840                                {product} {ergonomic}
   size_t MaxNewSize                               = 2415919104                                {product} {ergonomic}
   size_t MinHeapDeltaBytes                        = 2097152                                   {product} {ergonomic}
   size_t MinHeapSize                              = 8388608                                   {product} {ergonomic}
    uintx NonProfiledCodeHeapSize                  = 0                                      {pd product} {ergonomic}
     bool ProfileInterpreter                       = false                                  {pd product} {command line}
    uintx ProfiledCodeHeapSize                     = 0                                      {pd product} {ergonomic}
   size_t SoftMaxHeapSize                          = 4026531840                             {manageable} {ergonomic}
     intx TieredStopAtLevel                        = 1                                         {product} {command line}
     bool UseCompressedClassPointers               = true                           {product lp64_product} {ergonomic}
     bool UseCompressedOops                        = true                           {product lp64_product} {ergonomic}
     bool UseG1GC                                  = true                                      {product} {ergonomic}

Logging:
Log output configuration:
 #0: stdout all=warning uptime,level,tags
 #1: stderr all=off uptime,level,tags

Environment Variables:
PATH=/usr/local/sbin:/usr/local/bin:/usr/sbin:/usr/bin:/sbin:/bin:/usr/games:/usr/local/games:/snap/bin:/home/vladimirkapyrin/.local/share/JetBrains/Toolbox/scripts:/home/vladimirkapyrin//gigaide-CE-241.15989.150/bin/bin
SHELL=/bin/bash
DISPLAY=:0
LANG=ru_RU.UTF-8
LC_NUMERIC=ru_RU.UTF-8
LC_TIME=ru_RU.UTF-8

Active Locale:
LC_ALL=ru_RU.UTF-8
LC_COLLATE=ru_RU.UTF-8
LC_CTYPE=ru_RU.UTF-8
LC_MESSAGES=ru_RU.UTF-8
LC_MONETARY=ru_RU.UTF-8
LC_NUMERIC=ru_RU.UTF-8
LC_TIME=ru_RU.UTF-8

Signal Handlers:
   SIGSEGV: crash_handler in libjvm.so, mask=11100100010111111101111111111110, flags=SA_RESTART|SA_SIGINFO, unblocked
    SIGBUS: crash_handler in libjvm.so, mask=11100100010111111101111111111110, flags=SA_RESTART|SA_SIGINFO, unblocked
    SIGFPE: crash_handler in libjvm.so, mask=11100100010111111101111111111110, flags=SA_RESTART|SA_SIGINFO, unblocked
   SIGPIPE: javaSignalHandler in libjvm.so, mask=11100100010111111101111111111110, flags=SA_RESTART|SA_SIGINFO, blocked
   SIGXFSZ: javaSignalHandler in libjvm.so, mask=11100100010111111101111111111110, flags=SA_RESTART|SA_SIGINFO, blocked
    SIGILL: crash_handler in libjvm.so, mask=11100100010111111101111111111110, flags=SA_RESTART|SA_SIGINFO, unblocked
   SIGUSR2: SR_handler in libjvm.so, mask=00000000000000000000000000000000, flags=SA_RESTART|SA_SIGINFO, blocked
    SIGHUP: UserHandler in libjvm.so, mask=11100100010111111101111111111110, flags=SA_RESTART|SA_SIGINFO, blocked
    SIGINT: UserHandler in libjvm.so, mask=11100100010111111101111111111110, flags=SA_RESTART|SA_SIGINFO, blocked
   SIGTERM: UserHandler in libjvm.so, mask=11100100010111111101111111111110, flags=SA_RESTART|SA_SIGINFO, blocked
   SIGQUIT: UserHandler in libjvm.so, mask=11100100010111111101111111111110, flags=SA_RESTART|SA_SIGINFO, blocked
   SIGTRAP: crash_handler in libjvm.so, mask=11100100010111111101111111111110, flags=SA_RESTART|SA_SIGINFO, unblocked


Periodic native trim disabled


---------------  S Y S T E M  ---------------

OS:
DISTRIB_ID=elementary
DISTRIB_RELEASE=7.1
DISTRIB_CODENAME=horus
DISTRIB_DESCRIPTION="elementary OS 7.1 Horus"
uname: Linux 6.8.0-48-generic #48~22.04.1-Ubuntu SMP PREEMPT_DYNAMIC Mon Oct  7 11:24:13 UTC 2 x86_64
OS uptime: 0 days 22:43 hours
libc: glibc 2.35 NPTL 2.35 
rlimit (soft/hard): STACK 8192k/infinity , CORE 0k/infinity , NPROC 60752/60752 , NOFILE 1048576/1048576 , AS infinity/infinity , CPU infinity/infinity , DATA infinity/infinity , FSIZE infinity/infinity , MEMLOCK 1965464k/1965464k
load average: 1,27 1,58 1,79

/proc/meminfo:
MemTotal:       15723720 kB
MemFree:          828392 kB
MemAvailable:    4499168 kB
Buffers:          160328 kB
Cached:          3752464 kB
SwapCached:         6112 kB
Active:          7337024 kB
Inactive:        6127952 kB
Active(anon):    6462160 kB
Inactive(anon):  3209796 kB
Active(file):     874864 kB
Inactive(file):  2918156 kB
Unevictable:         112 kB
Mlocked:             112 kB
SwapTotal:       5242876 kB
SwapFree:        5133952 kB
Zswap:                 0 kB
Zswapped:              0 kB
Dirty:             12952 kB
Writeback:             0 kB
AnonPages:       9546692 kB
Mapped:          1979712 kB
Shmem:            119772 kB
KReclaimable:     265828 kB
Slab:             562152 kB
SReclaimable:     265828 kB
SUnreclaim:       296324 kB
KernelStack:       31232 kB
PageTables:        90884 kB
SecPageTables:         0 kB
NFS_Unstable:          0 kB
Bounce:                0 kB
WritebackTmp:          0 kB
CommitLimit:    13104736 kB
Committed_AS:   39072708 kB
VmallocTotal:   34359738367 kB
VmallocUsed:       97324 kB
VmallocChunk:          0 kB
Percpu:            17536 kB
HardwareCorrupted:     0 kB
AnonHugePages:         0 kB
ShmemHugePages:        0 kB
ShmemPmdMapped:        0 kB
FileHugePages:         0 kB
FilePmdMapped:         0 kB
Unaccepted:            0 kB
HugePages_Total:       0
HugePages_Free:        0
HugePages_Rsvd:        0
HugePages_Surp:        0
Hugepagesize:       2048 kB
Hugetlb:               0 kB
DirectMap4k:     1738444 kB
DirectMap2M:    13332480 kB
DirectMap1G:     2097152 kB

/sys/kernel/mm/transparent_hugepage/enabled: always [madvise] never
/sys/kernel/mm/transparent_hugepage/defrag (defrag/compaction efforts parameter): always defer defer+madvise [madvise] never

Process Memory:
Virtual Size: 7801240K (peak: 7862776K)
Resident Set Size: 148280K (peak: 148280K) (anon: 126976K, file: 21304K, shmem: 0K)
Swapped out: 0K
C-Heap outstanding allocations: 43714K, retained: 3393K
glibc malloc tunables: (default)

/proc/sys/kernel/threads-max (system-wide limit on the number of threads): 121505
/proc/sys/vm/max_map_count (maximum number of memory map areas a process may have): 65530
/proc/sys/kernel/pid_max (system-wide limit on number of process identifiers): 4194304

container (cgroup) information:
container_type: cgroupv2
cpu_cpuset_cpus: not supported
cpu_memory_nodes: not supported
active_processor_count: 12
cpu_quota: not supported
cpu_period: not supported
cpu_shares: not supported
memory_limit_in_bytes: unlimited
memory_and_swap_limit_in_bytes: unlimited
memory_soft_limit_in_bytes: unlimited
memory_usage_in_bytes: 7920512 k
memory_max_usage_in_bytes: not supported
memory_swap_current_in_bytes: unlimited
memory_swap_max_limit_in_bytes: unlimited
maximum number of tasks: unlimited
current number of tasks: 607

Steal ticks since vm start: 0
Steal ticks percentage since vm start:  0,000

CPU: total 12 (initial active 12) (12 cores per cpu, 2 threads per core) family 23 model 96 stepping 1 microcode 0x8600104, cx8, cmov, fxsr, ht, mmx, 3dnowpref, sse, sse2, sse3, ssse3, sse4a, sse4.1, sse4.2, popcnt, lzcnt, tsc, tscinvbit, avx, avx2, aes, clmul, bmi1, bmi2, adx, sha, fma, vzeroupper, clflush, clflushopt
CPU Model and flags from /proc/cpuinfo:
model name	: AMD Ryzen 5 4600H with Radeon Graphics
flags		: fpu vme de pse tsc msr pae mce cx8 apic sep mtrr pge mca cmov pat pse36 clflush mmx fxsr sse sse2 ht syscall nx mmxext fxsr_opt pdpe1gb rdtscp lm constant_tsc rep_good nopl nonstop_tsc cpuid extd_apicid aperfmperf rapl pni pclmulqdq monitor ssse3 fma cx16 sse4_1 sse4_2 movbe popcnt aes xsave avx f16c rdrand lahf_lm cmp_legacy svm extapic cr8_legacy abm sse4a misalignsse 3dnowprefetch osvw ibs skinit wdt tce topoext perfctr_core perfctr_nb bpext perfctr_llc mwaitx cpb cat_l3 cdp_l3 hw_pstate ssbd mba ibrs ibpb stibp vmmcall fsgsbase bmi1 avx2 smep bmi2 cqm rdt_a rdseed adx smap clflushopt clwb sha_ni xsaveopt xsavec xgetbv1 cqm_llc cqm_occup_llc cqm_mbm_total cqm_mbm_local clzero irperf xsaveerptr rdpru wbnoinvd cppc arat npt lbrv svm_lock nrip_save tsc_scale vmcb_clean flushbyasid decodeassists pausefilter pfthreshold avic v_vmsave_vmload vgif v_spec_ctrl umip rdpid overflow_recov succor smca

Online cpus: 0-11
Offline cpus: 12-15
BIOS frequency limitation: 3000000
Frequency switch latency (ns): 0
Available cpu frequencies: 3000000 1700000 1400000 
Current governor: schedutil
Core performance/turbo boost: 1

Memory: 4k page, physical 15723720k(828392k free), swap 5242876k(5133952k free)
Page Sizes: 4k

vm_info: OpenJDK 64-Bit Server VM (17.0.9+8-LTS) for linux-amd64 JRE (17.0.9+8-LTS), built on Oct 12 2023 16:08:23 by "jenkins" with gcc 7.3.1 20180303 (Red Hat 7.3.1-5)

END.
